Using pre-set license
Built from '2020.3/staging' branch; Version is '2020.3.18f1 (a7d1c678663c) revision 10998214'; Using compiler version '192528614'; Build Type 'Release'
OS: 'Windows 10 Home; OS build 19042.1237; Version 2009; 64bit' Language: 'en' Physical Memory: 32647 MB
BatchMode: 1, IsHumanControllingUs: 0, StartBugReporterOnCrash: 0, Is64bit: 1, IsPro: 0

COMMAND LINE ARGUMENTS:
C:\Program Files\2020.3.18f1\Editor\Unity.exe
-adb2
-batchMode
-noUpm
-name
AssetImportWorker0
-projectPath
C:/Users/csSam/Documents/GitHub/General-Anesthesia-Simulator/GeneralAnesthesiaSimulator
-logFile
Logs/AssetImportWorker0.log
-srvPort
<<<<<<< HEAD
61493
Successfully changed project path to: C:/Users/csSam/Documents/GitHub/General-Anesthesia-Simulator/GeneralAnesthesiaSimulator
C:/Users/csSam/Documents/GitHub/General-Anesthesia-Simulator/GeneralAnesthesiaSimulator
Using Asset Import Pipeline V2.
Refreshing native plugins compatible for Editor in 72.28 ms, found 16 plugins.
Preloading 2 native plugins for Editor in 3.91 ms.
=======
53002
Successfully changed project path to: C:/Users/csSam/Documents/GitHub/General-Anesthesia-Simulator/GeneralAnesthesiaSimulator
C:/Users/csSam/Documents/GitHub/General-Anesthesia-Simulator/GeneralAnesthesiaSimulator
Using Asset Import Pipeline V2.
Refreshing native plugins compatible for Editor in 120.77 ms, found 16 plugins.
Preloading 2 native plugins for Editor in 6.43 ms.
>>>>>>> main
Initialize engine version: 2020.3.18f1 (a7d1c678663c)
[Subsystems] Discovering subsystems at path C:/Program Files/2020.3.18f1/Editor/Data/Resources/UnitySubsystems
[Subsystems] Discovering subsystems at path C:/Users/csSam/Documents/GitHub/General-Anesthesia-Simulator/GeneralAnesthesiaSimulator/Assets
GfxDevice: creating device client; threaded=0
Direct3D:
    Version:  Direct3D 11.0 [level 11.1]
    Renderer: NVIDIA GeForce GTX 1070 with Max-Q Design (ID=0x1be1)
    Vendor:   
    VRAM:     8082 MB
    Driver:   27.21.14.6280
Initialize mono
Mono path[0] = 'C:/Program Files/2020.3.18f1/Editor/Data/Managed'
Mono path[1] = 'C:/Program Files/2020.3.18f1/Editor/Data/MonoBleedingEdge/lib/mono/unityjit'
Mono config path = 'C:/Program Files/2020.3.18f1/Editor/Data/MonoBleedingEdge/etc'
<<<<<<< HEAD
Using monoOptions --debugger-agent=transport=dt_socket,embedding=1,server=y,suspend=n,address=127.0.0.1:56560
Begin MonoManager ReloadAssembly
Registering precompiled unity dll's ...
Register platform support module: C:/Program Files/2020.3.18f1/Editor/Data/PlaybackEngines/WindowsStandaloneSupport/UnityEditor.WindowsStandalone.Extensions.dll
Registered in 0.002401 seconds.
Native extension for WindowsStandalone target not found
Refreshing native plugins compatible for Editor in 48.31 ms, found 16 plugins.
Preloading 2 native plugins for Editor in 0.15 ms.
Mono: successfully reloaded assembly
- Completed reload, in  1.146 seconds
Domain Reload Profiling:
	ReloadAssembly (1146ms)
		BeginReloadAssembly (65ms)
=======
Using monoOptions --debugger-agent=transport=dt_socket,embedding=1,server=y,suspend=n,address=127.0.0.1:56236
Begin MonoManager ReloadAssembly
Registering precompiled unity dll's ...
Register platform support module: C:/Program Files/2020.3.18f1/Editor/Data/PlaybackEngines/WindowsStandaloneSupport/UnityEditor.WindowsStandalone.Extensions.dll
Registered in 0.003958 seconds.
Native extension for WindowsStandalone target not found
Refreshing native plugins compatible for Editor in 74.34 ms, found 16 plugins.
Preloading 2 native plugins for Editor in 0.64 ms.
Mono: successfully reloaded assembly
- Completed reload, in  2.004 seconds
Domain Reload Profiling:
	ReloadAssembly (2004ms)
		BeginReloadAssembly (93ms)
>>>>>>> main
			ExecutionOrderSort (0ms)
			DisableScriptedObjects (0ms)
			BackupInstance (0ms)
			ReleaseScriptingObjects (0ms)
			CreateAndSetChildDomain (1ms)
<<<<<<< HEAD
		EndReloadAssembly (406ms)
			LoadAssemblies (63ms)
			RebuildTransferFunctionScriptingTraits (0ms)
			SetupTypeCache (140ms)
			ReleaseScriptCaches (0ms)
			RebuildScriptCaches (31ms)
			SetupLoadedEditorAssemblies (164ms)
				LogAssemblyErrors (0ms)
				InitializePlatformSupportModulesInManaged (4ms)
				SetLoadedEditorAssemblies (0ms)
				RefreshPlugins (49ms)
				BeforeProcessingInitializeOnLoad (8ms)
				ProcessInitializeOnLoadAttributes (76ms)
				ProcessInitializeOnLoadMethodAttributes (27ms)
=======
		EndReloadAssembly (747ms)
			LoadAssemblies (89ms)
			RebuildTransferFunctionScriptingTraits (0ms)
			SetupTypeCache (278ms)
			ReleaseScriptCaches (0ms)
			RebuildScriptCaches (51ms)
			SetupLoadedEditorAssemblies (282ms)
				LogAssemblyErrors (0ms)
				InitializePlatformSupportModulesInManaged (7ms)
				SetLoadedEditorAssemblies (1ms)
				RefreshPlugins (75ms)
				BeforeProcessingInitializeOnLoad (15ms)
				ProcessInitializeOnLoadAttributes (140ms)
				ProcessInitializeOnLoadMethodAttributes (45ms)
>>>>>>> main
				AfterProcessingInitializeOnLoad (0ms)
				EditorAssembliesLoaded (0ms)
			ExecutionOrderSort2 (0ms)
			AwakeInstancesAfterBackupRestoration (0ms)
Platform modules already initialized, skipping
Registering precompiled user dll's ...
<<<<<<< HEAD
Registered in 0.014575 seconds.
Begin MonoManager ReloadAssembly
Native extension for WindowsStandalone target not found
Refreshing native plugins compatible for Editor in 45.90 ms, found 16 plugins.
Preloading 2 native plugins for Editor in 0.15 ms.
=======
Registered in 0.027457 seconds.
Begin MonoManager ReloadAssembly
Native extension for WindowsStandalone target not found
Refreshing native plugins compatible for Editor in 66.95 ms, found 16 plugins.
Preloading 2 native plugins for Editor in 0.22 ms.
>>>>>>> main
[XR] OculusXRPlugin: registering subsystems
[XR] Unable to register display lifecyle provider: [1]
[XR] Oculus Input lifecycle provider registered.
[XR] Unable to register input lifecyle provider: [1]
System.Reflection.TargetInvocationException: Exception has been thrown by the target of an invocation. ---> System.NullReferenceException: Object reference not set to an instance of an object
  at Unity.XR.Oculus.OculusLoader.AssetPathToAbsolutePath (System.String assetPath) [0x00048] in C:\Users\csSam\Documents\GitHub\General-Anesthesia-Simulator\GeneralAnesthesiaSimulator\Library\PackageCache\com.unity.xr.oculus@1.10.0\Runtime\OculusLoader.cs:250 
  at Unity.XR.Oculus.OculusLoader.EditorLoadOVRPlugin () [0x0007b] in C:\Users\csSam\Documents\GitHub\General-Anesthesia-Simulator\GeneralAnesthesiaSimulator\Library\PackageCache\com.unity.xr.oculus@1.10.0\Runtime\OculusLoader.cs:235 
  at (wrapper managed-to-native) System.Reflection.MonoMethod.InternalInvoke(System.Reflection.MonoMethod,object,object[],System.Exception&)
  at System.Reflection.MonoMethod.Invoke (System.Object obj, System.Reflection.BindingFlags invokeAttr, System.Reflection.Binder binder, System.Object[] parameters, System.Globalization.CultureInfo culture) [0x00032] in <695d1cc93cca45069c528c15c9fdd749>:0 
   --- End of inner exception stack trace ---
  at System.Reflection.MonoMethod.Invoke (System.Object obj, System.Reflection.BindingFlags invokeAttr, System.Reflection.Binder binder, System.Object[] parameters, System.Globalization.CultureInfo culture) [0x00048] in <695d1cc93cca45069c528c15c9fdd749>:0 
  at System.Reflection.MethodBase.Invoke (System.Object obj, System.Object[] parameters) [0x00000] in <695d1cc93cca45069c528c15c9fdd749>:0 
  at UnityEditor.EditorAssemblies.ProcessInitializeOnLoadMethodAttributes () [0x00047] in <5ad584e208e14caaa9e6b2e6027e9204>:0 
UnityEngine.StackTraceUtility:ExtractStackTrace ()
UnityEngine.DebugLogHandler:LogFormat (UnityEngine.LogType,UnityEngine.Object,string,object[])
UnityEngine.Logger:Log (UnityEngine.LogType,object)
UnityEngine.Debug:LogError (object)
UnityEditor.EditorAssemblies:ProcessInitializeOnLoadMethodAttributes ()

Mono: successfully reloaded assembly
<<<<<<< HEAD
- Completed reload, in  1.224 seconds
Domain Reload Profiling:
	ReloadAssembly (1225ms)
		BeginReloadAssembly (143ms)
			ExecutionOrderSort (0ms)
			DisableScriptedObjects (4ms)
			BackupInstance (0ms)
			ReleaseScriptingObjects (0ms)
			CreateAndSetChildDomain (18ms)
		EndReloadAssembly (1020ms)
			LoadAssemblies (100ms)
			RebuildTransferFunctionScriptingTraits (0ms)
			SetupTypeCache (277ms)
			ReleaseScriptCaches (0ms)
			RebuildScriptCaches (48ms)
			SetupLoadedEditorAssemblies (469ms)
				LogAssemblyErrors (0ms)
				InitializePlatformSupportModulesInManaged (4ms)
				SetLoadedEditorAssemblies (0ms)
				RefreshPlugins (46ms)
				BeforeProcessingInitializeOnLoad (80ms)
				ProcessInitializeOnLoadAttributes (315ms)
				ProcessInitializeOnLoadMethodAttributes (16ms)
				AfterProcessingInitializeOnLoad (8ms)
				EditorAssembliesLoaded (0ms)
			ExecutionOrderSort2 (0ms)
			AwakeInstancesAfterBackupRestoration (6ms)
Platform modules already initialized, skipping
========================================================================
Worker process is ready to serve import requests
Launched and connected shader compiler UnityShaderCompiler.exe after 0.04 seconds
Refreshing native plugins compatible for Editor in 0.78 ms, found 16 plugins.
Preloading 2 native plugins for Editor in 0.20 ms.
Unloading 2366 Unused Serialized files (Serialized files now loaded: 0)
System memory in use before: 120.8 MB.
System memory in use after: 121.0 MB.

Unloading 38 unused Assets to reduce memory usage. Loaded Objects now: 2821.
Total: 3.638100 ms (FindLiveObjects: 0.261100 ms CreateObjectMapping: 0.110400 ms MarkObjects: 3.189400 ms  DeleteObjects: 0.076200 ms)
=======
- Completed reload, in  2.123 seconds
Domain Reload Profiling:
	ReloadAssembly (2124ms)
		BeginReloadAssembly (277ms)
			ExecutionOrderSort (0ms)
			DisableScriptedObjects (7ms)
			BackupInstance (0ms)
			ReleaseScriptingObjects (0ms)
			CreateAndSetChildDomain (26ms)
		EndReloadAssembly (1746ms)
			LoadAssemblies (174ms)
			RebuildTransferFunctionScriptingTraits (0ms)
			SetupTypeCache (469ms)
			ReleaseScriptCaches (1ms)
			RebuildScriptCaches (90ms)
			SetupLoadedEditorAssemblies (805ms)
				LogAssemblyErrors (0ms)
				InitializePlatformSupportModulesInManaged (6ms)
				SetLoadedEditorAssemblies (0ms)
				RefreshPlugins (67ms)
				BeforeProcessingInitializeOnLoad (131ms)
				ProcessInitializeOnLoadAttributes (558ms)
				ProcessInitializeOnLoadMethodAttributes (28ms)
				AfterProcessingInitializeOnLoad (14ms)
				EditorAssembliesLoaded (0ms)
			ExecutionOrderSort2 (0ms)
			AwakeInstancesAfterBackupRestoration (13ms)
Platform modules already initialized, skipping
========================================================================
Worker process is ready to serve import requests
Launched and connected shader compiler UnityShaderCompiler.exe after 0.07 seconds
Refreshing native plugins compatible for Editor in 1.08 ms, found 16 plugins.
Preloading 2 native plugins for Editor in 0.26 ms.
Unloading 2246 Unused Serialized files (Serialized files now loaded: 0)
System memory in use before: 103.1 MB.
System memory in use after: 103.2 MB.

Unloading 38 unused Assets to reduce memory usage. Loaded Objects now: 2689.
Total: 5.055600 ms (FindLiveObjects: 0.263000 ms CreateObjectMapping: 0.111900 ms MarkObjects: 4.548000 ms  DeleteObjects: 0.131200 ms)
>>>>>>> main

AssetImportParameters requested are different than current active one (requested -> active):
  custom:framework-win-MediaFoundation: 216162199b28c13a410421893ffa2e32 -> 
  custom:video-decoder-ogg-theora: a1e56fd34408186e4bbccfd4996cb3dc -> 
  custom:container-muxer-webm: aa71ff27fc2769a1b78a27578f13a17b -> 
  custom:container-demuxer-webm: 4f35f7cbe854078d1ac9338744f61a02 -> 
  custom:container-demuxer-ogg: 62fdf1f143b41e24485cea50d1cbac27 -> 
  custom:video-encoder-webm-vp8: eb34c28f22e8b96e1ab97ce403110664 -> 
  custom:video-codec-MediaFoundation-h265: 746d11721c4dcdbdad8f713fa42b33f4 -> 
  custom:video-decoder-webm-vp8: 9c59270c3fd7afecdb556c50c9e8de78 -> 
  custom:audio-decoder-ogg-vorbis: bf7c407c2cedff20999df2af8eb42d56 -> 
  custom:audio-encoder-webm-vorbis: bf7c407c2cedff20999df2af8eb42d56 -> 
========================================================================
Received Import Request.
<<<<<<< HEAD
  path: Assets/OR_Room/Medical/Devices/Screen_Wall.fbx
  artifactKey: Guid(52916f04a822f4e488fd6e04b9c0c8cb) Importer(815301076,1909f56bfc062723c751e8b465ee728b)
Start importing Assets/OR_Room/Medical/Devices/Screen_Wall.fbx using Guid(52916f04a822f4e488fd6e04b9c0c8cb) Importer(815301076,1909f56bfc062723c751e8b465ee728b)  -> (artifact id: '8104fb407e3b56fb2be3871b90ad13c9') in 0.132619 seconds 
  Import took 0.136462 seconds .

========================================================================
Received Import Request.
  Time since last request: 0.000238 seconds.
  path: Assets/OR_Room/Medical/Devices/FootPedal_Blue.fbx
  artifactKey: Guid(c371a9fd9498011468361b8d623d339e) Importer(815301076,1909f56bfc062723c751e8b465ee728b)
Start importing Assets/OR_Room/Medical/Devices/FootPedal_Blue.fbx using Guid(c371a9fd9498011468361b8d623d339e) Importer(815301076,1909f56bfc062723c751e8b465ee728b)  -> (artifact id: 'fc60f3b7270af441166fcf9c7c63e6e4') in 0.013803 seconds 
  Import took 0.017741 seconds .

========================================================================
Received Import Request.
  Time since last request: 0.000180 seconds.
  path: Assets/OR_Room/Medical/Devices/ElectronicStuff.fbx
  artifactKey: Guid(3724cf4b9756df24ebba2ffad9a6c067) Importer(815301076,1909f56bfc062723c751e8b465ee728b)
Start importing Assets/OR_Room/Medical/Devices/ElectronicStuff.fbx using Guid(3724cf4b9756df24ebba2ffad9a6c067) Importer(815301076,1909f56bfc062723c751e8b465ee728b)  -> (artifact id: 'f7c059d232dfb76756b5258eee036de9') in 0.023054 seconds 
  Import took 0.026481 seconds .

========================================================================
Received Import Request.
  Time since last request: 0.000258 seconds.
  path: Assets/OR_Room/Medical/Devices/Electronic_Manifold.fbx
  artifactKey: Guid(fe94864704e94504385f0becc3a5471e) Importer(815301076,1909f56bfc062723c751e8b465ee728b)
Start importing Assets/OR_Room/Medical/Devices/Electronic_Manifold.fbx using Guid(fe94864704e94504385f0becc3a5471e) Importer(815301076,1909f56bfc062723c751e8b465ee728b)  -> (artifact id: 'b140f8eb84979ac08f6a0cb0756bc629') in 0.026914 seconds 
  Import took 0.030455 seconds .

========================================================================
Received Import Request.
  Time since last request: 0.000167 seconds.
  path: Assets/OR_Room/Medical/Devices/Mouse_KeyBoard.fbx
  artifactKey: Guid(d6d5bb886c1987749849739286c916be) Importer(815301076,1909f56bfc062723c751e8b465ee728b)
Start importing Assets/OR_Room/Medical/Devices/Mouse_KeyBoard.fbx using Guid(d6d5bb886c1987749849739286c916be) Importer(815301076,1909f56bfc062723c751e8b465ee728b)  -> (artifact id: '5fe1c60e59611713b9e50d570a43e5a4') in 0.026258 seconds 
  Import took 0.029878 seconds .

========================================================================
Received Import Request.
  Time since last request: 0.000204 seconds.
  path: Assets/OR_Room/Medical/Devices/Plastic.fbx
  artifactKey: Guid(71447ac09e3d9284cb34fcbf4b9e0d40) Importer(815301076,1909f56bfc062723c751e8b465ee728b)
Start importing Assets/OR_Room/Medical/Devices/Plastic.fbx using Guid(71447ac09e3d9284cb34fcbf4b9e0d40) Importer(815301076,1909f56bfc062723c751e8b465ee728b)  -> (artifact id: 'cf2c8c461fd845cab744955909c821cb') in 0.015619 seconds 
  Import took 0.019185 seconds .

========================================================================
Received Import Request.
  Time since last request: 0.000251 seconds.
  path: Assets/OR_Room/Medical/Devices/Anesthesia.fbx
  artifactKey: Guid(26901a857fc02a74fa7977a22f31fc2f) Importer(815301076,1909f56bfc062723c751e8b465ee728b)
Start importing Assets/OR_Room/Medical/Devices/Anesthesia.fbx using Guid(26901a857fc02a74fa7977a22f31fc2f) Importer(815301076,1909f56bfc062723c751e8b465ee728b)  -> (artifact id: '9fe73ba9a6037538760c3539389658d5') in 0.086251 seconds 
  Import took 0.089761 seconds .

========================================================================
Received Import Request.
  Time since last request: 0.000173 seconds.
  path: Assets/OR_Room/Medical/Devices/Screen_Microscope.fbx
  artifactKey: Guid(3bb0ca1fe66772f4d821e4c769f01b89) Importer(815301076,1909f56bfc062723c751e8b465ee728b)
Start importing Assets/OR_Room/Medical/Devices/Screen_Microscope.fbx using Guid(3bb0ca1fe66772f4d821e4c769f01b89) Importer(815301076,1909f56bfc062723c751e8b465ee728b)  -> (artifact id: 'f93be416e12269aa02e183fa3b545eec') in 0.016378 seconds 
  Import took 0.020031 seconds .

========================================================================
Received Import Request.
  Time since last request: 0.000193 seconds.
  path: Assets/OR_Room/Medical/Devices/Microscope.fbx
  artifactKey: Guid(e3217e269cc5d5d4f98ee7a9eae80321) Importer(815301076,1909f56bfc062723c751e8b465ee728b)
Start importing Assets/OR_Room/Medical/Devices/Microscope.fbx using Guid(e3217e269cc5d5d4f98ee7a9eae80321) Importer(815301076,1909f56bfc062723c751e8b465ee728b)  -> (artifact id: '07a11bce5b0b162863cee8d15a98b98f') in 0.033003 seconds 
  Import took 0.037160 seconds .

========================================================================
Received Import Request.
  Time since last request: 0.000200 seconds.
  path: Assets/OR_Room/Medical/Devices/Screen.fbx
  artifactKey: Guid(cdef7fba4dd7b324d9eec726c4be7476) Importer(815301076,1909f56bfc062723c751e8b465ee728b)
Start importing Assets/OR_Room/Medical/Devices/Screen.fbx using Guid(cdef7fba4dd7b324d9eec726c4be7476) Importer(815301076,1909f56bfc062723c751e8b465ee728b)  -> (artifact id: '8ce375a26c683e0ac2427c2f2e1886e8') in 0.014277 seconds 
  Import took 0.017716 seconds .

========================================================================
Received Import Request.
  Time since last request: 0.000251 seconds.
  path: Assets/OR_Room/Medical/Devices/FootPedal_Grey.fbx
  artifactKey: Guid(20712d1f67ea13e479754d413e43fa53) Importer(815301076,1909f56bfc062723c751e8b465ee728b)
Start importing Assets/OR_Room/Medical/Devices/FootPedal_Grey.fbx using Guid(20712d1f67ea13e479754d413e43fa53) Importer(815301076,1909f56bfc062723c751e8b465ee728b)  -> (artifact id: '22995e6ba76584e74b8b11416d233bfe') in 0.014543 seconds 
  Import took 0.018132 seconds .

========================================================================
Received Import Request.
  Time since last request: 0.000202 seconds.
  path: Assets/OR_Room/Medical/Devices/LampArm.fbx
  artifactKey: Guid(6895e42c884ca384a9d5e7e73aa2660d) Importer(815301076,1909f56bfc062723c751e8b465ee728b)
Start importing Assets/OR_Room/Medical/Devices/LampArm.fbx using Guid(6895e42c884ca384a9d5e7e73aa2660d) Importer(815301076,1909f56bfc062723c751e8b465ee728b)  -> (artifact id: 'e86f58c12530f24e3a79cf4c983ca1af') in 0.016799 seconds 
  Import took 0.020529 seconds .

========================================================================
Received Import Request.
  Time since last request: 0.000219 seconds.
  path: Assets/OR_Room/Medical/Devices/Telephone.fbx
  artifactKey: Guid(705982adc0e2f484db871d28aa3ba499) Importer(815301076,1909f56bfc062723c751e8b465ee728b)
Start importing Assets/OR_Room/Medical/Devices/Telephone.fbx using Guid(705982adc0e2f484db871d28aa3ba499) Importer(815301076,1909f56bfc062723c751e8b465ee728b)  -> (artifact id: '8d3874c5f7000d5f3db0fad227ed3cca') in 0.014024 seconds 
  Import took 0.017714 seconds .

========================================================================
Received Import Request.
  Time since last request: 0.000221 seconds.
  path: Assets/OR_Room/Medical/Devices/Device.fbx
  artifactKey: Guid(96eaa845468c3f9469d12cf89f2ffce1) Importer(815301076,1909f56bfc062723c751e8b465ee728b)
Start importing Assets/OR_Room/Medical/Devices/Device.fbx using Guid(96eaa845468c3f9469d12cf89f2ffce1) Importer(815301076,1909f56bfc062723c751e8b465ee728b)  -> (artifact id: '48b93c7f3f846977f7725afe191e5ddf') in 0.018154 seconds 
  Import took 0.023684 seconds .

========================================================================
Received Import Request.
  Time since last request: 17.607854 seconds.
  path: Assets
  artifactKey: Guid(00000000000000001000000000000000) Importer(815301076,1909f56bfc062723c751e8b465ee728b)
Start importing Assets using Guid(00000000000000001000000000000000) Importer(815301076,1909f56bfc062723c751e8b465ee728b)  -> (artifact id: '42d402b061de3733987d63b9cc3b64de') in 0.002355 seconds 
  Import took 0.005947 seconds .

========================================================================
Received Import Request.
  Time since last request: 50.777200 seconds.
  path: Assets/AnasthesiaMachine
  artifactKey: Guid(7dc00cc409ec8e8468da298eeb858255) Importer(815301076,1909f56bfc062723c751e8b465ee728b)
Start importing Assets/AnasthesiaMachine using Guid(7dc00cc409ec8e8468da298eeb858255) Importer(815301076,1909f56bfc062723c751e8b465ee728b)  -> (artifact id: '56582193495d697ae63c35bf0ba8482e') in 0.003558 seconds 
  Import took 0.007242 seconds .

========================================================================
Received Import Request.
  Time since last request: 67.421931 seconds.
  path: Assets/AnasthesiaMachine/fbx.FBX
  artifactKey: Guid(0543acfa12b4029479fa647bc9d0298a) Importer(815301076,1909f56bfc062723c751e8b465ee728b)
Start importing Assets/AnasthesiaMachine/fbx.FBX using Guid(0543acfa12b4029479fa647bc9d0298a) Importer(815301076,1909f56bfc062723c751e8b465ee728b)  -> (artifact id: '07abb10540669196e485a6e234bfc208') in 1.969286 seconds 
  Import took 1.975293 seconds .

========================================================================
Received Import Request.
  Time since last request: 47.530730 seconds.
  path: Assets/Scenes
  artifactKey: Guid(75d3616518ef362409e2ef214a7c6f34) Importer(815301076,1909f56bfc062723c751e8b465ee728b)
Start importing Assets/Scenes using Guid(75d3616518ef362409e2ef214a7c6f34) Importer(815301076,1909f56bfc062723c751e8b465ee728b)  -> (artifact id: '8a8f7f47b7e5170fe53f6d433c1b1e34') in 0.002420 seconds 
  Import took 0.005975 seconds .

========================================================================
Received Import Request.
  Time since last request: 20.325640 seconds.
  path: Assets/Scenes/OperatingRoom.unity
  artifactKey: Guid(f57e5d194395a9c44a1dc202447e2311) Importer(815301076,1909f56bfc062723c751e8b465ee728b)
Start importing Assets/Scenes/OperatingRoom.unity using Guid(f57e5d194395a9c44a1dc202447e2311) Importer(815301076,1909f56bfc062723c751e8b465ee728b)  -> (artifact id: 'ac94c40d0216416b0bf9cf50afd5869e') in 0.004356 seconds 
  Import took 0.008212 seconds .

========================================================================
Received Import Request.
  Time since last request: 249.486765 seconds.
  path: Assets/Prefabs/Anesthesiologist.prefab
  artifactKey: Guid(6d64c522c7df56743a650691f74757c7) Importer(815301076,1909f56bfc062723c751e8b465ee728b)
Start importing Assets/Prefabs/Anesthesiologist.prefab using Guid(6d64c522c7df56743a650691f74757c7) Importer(815301076,1909f56bfc062723c751e8b465ee728b)  -> (artifact id: '2a94ec3596134372250d6e0ce1b49de1') in 0.060808 seconds 
  Import took 0.065170 seconds .

========================================================================
Received Import Request.
  Time since last request: 23.686098 seconds.
  path: Assets/Prefabs/Anesthesiologist.prefab
  artifactKey: Guid(6d64c522c7df56743a650691f74757c7) Importer(815301076,1909f56bfc062723c751e8b465ee728b)
Start importing Assets/Prefabs/Anesthesiologist.prefab using Guid(6d64c522c7df56743a650691f74757c7) Importer(815301076,1909f56bfc062723c751e8b465ee728b)  -> (artifact id: 'e9bcd08787c905679439f682dbe5baf8') in 0.025483 seconds 
  Import took 0.029920 seconds .

========================================================================
Received Import Request.
  Time since last request: 9.815288 seconds.
  path: Assets/Prefabs/Anesthesiologist.prefab
  artifactKey: Guid(6d64c522c7df56743a650691f74757c7) Importer(815301076,1909f56bfc062723c751e8b465ee728b)
Start importing Assets/Prefabs/Anesthesiologist.prefab using Guid(6d64c522c7df56743a650691f74757c7) Importer(815301076,1909f56bfc062723c751e8b465ee728b)  -> (artifact id: '2f222bf9067db2f0ec9edd428dd406ab') in 0.022969 seconds 
  Import took 0.027052 seconds .

========================================================================
Received Import Request.
  Time since last request: 5.421279 seconds.
  path: Assets/Prefabs/Anesthesiologist.prefab
  artifactKey: Guid(6d64c522c7df56743a650691f74757c7) Importer(815301076,1909f56bfc062723c751e8b465ee728b)
Start importing Assets/Prefabs/Anesthesiologist.prefab using Guid(6d64c522c7df56743a650691f74757c7) Importer(815301076,1909f56bfc062723c751e8b465ee728b)  -> (artifact id: 'a13eb01c615ab3d1502e1714ecbe848d') in 0.022122 seconds 
  Import took 0.026184 seconds .

========================================================================
Received Import Request.
  Time since last request: 12.472242 seconds.
  path: Assets/Prefabs/Anesthesiologist.prefab
  artifactKey: Guid(6d64c522c7df56743a650691f74757c7) Importer(815301076,1909f56bfc062723c751e8b465ee728b)
Start importing Assets/Prefabs/Anesthesiologist.prefab using Guid(6d64c522c7df56743a650691f74757c7) Importer(815301076,1909f56bfc062723c751e8b465ee728b)  -> (artifact id: 'e73f97de3ece5a9b7dfb41a94f44a019') in 0.022260 seconds 
  Import took 0.026476 seconds .

========================================================================
Received Import Request.
  Time since last request: 8.260847 seconds.
  path: Assets/OR_Room/OR_Room/LightingData.asset
  artifactKey: Guid(0c5f1b465f789424e929d3d9ce770833) Importer(815301076,1909f56bfc062723c751e8b465ee728b)
Start importing Assets/OR_Room/OR_Room/LightingData.asset using Guid(0c5f1b465f789424e929d3d9ce770833) Importer(815301076,1909f56bfc062723c751e8b465ee728b) Lighting data asset ‘LightingData’ is inconsistent because 8 files out of 40 are missing.  Please use Generate Lighting to rebuild the lighting data.
Lighting data asset ‘LightingData’ is incompatible with the current Unity version. Please use Generate Lighting to rebuild the lighting data.  Realtime Global Illumination cannot be used until the lighting data is rebuilt.
 -> (artifact id: 'cc2acd4eb8a2e7026568e11d8780a743') in 0.018615 seconds 
  Import took 0.022051 seconds .

========================================================================
Received Import Request.
  Time since last request: 0.000265 seconds.
  path: Assets/OR_Room/OR_Room/Lightmap-1_comp_dir.exr
  artifactKey: Guid(605ca7b3e35d91e458f5e67793816cfb) Importer(815301076,1909f56bfc062723c751e8b465ee728b)
Start importing Assets/OR_Room/OR_Room/Lightmap-1_comp_dir.exr using Guid(605ca7b3e35d91e458f5e67793816cfb) Importer(815301076,1909f56bfc062723c751e8b465ee728b)  -> (artifact id: '72a7df840236d31e13623e24dde90e5d') in 0.015670 seconds 
  Import took 0.018737 seconds .

========================================================================
Received Import Request.
  Time since last request: 0.000270 seconds.
  path: Assets/OR_Room/OR_Room/Lightmap-1_comp_light.exr
  artifactKey: Guid(c9b0670fc5627024b95931cee0fee577) Importer(815301076,1909f56bfc062723c751e8b465ee728b)
Start importing Assets/OR_Room/OR_Room/Lightmap-1_comp_light.exr using Guid(c9b0670fc5627024b95931cee0fee577) Importer(815301076,1909f56bfc062723c751e8b465ee728b)  -> (artifact id: '448ad1a21f8c2fec411db21d2cf4cc86') in 0.010650 seconds 
  Import took 0.013784 seconds .

========================================================================
Received Import Request.
  Time since last request: 0.000227 seconds.
  path: Assets/OR_Room/OR_Room/Lightmap-0_comp_light.exr
  artifactKey: Guid(75099074a686fd84084c849229cc35ae) Importer(815301076,1909f56bfc062723c751e8b465ee728b)
Start importing Assets/OR_Room/OR_Room/Lightmap-0_comp_light.exr using Guid(75099074a686fd84084c849229cc35ae) Importer(815301076,1909f56bfc062723c751e8b465ee728b)  -> (artifact id: '90dec3a716858aa3c318f55ef9d42a91') in 0.024686 seconds 
  Import took 0.027885 seconds .

========================================================================
Received Import Request.
  Time since last request: 0.000222 seconds.
  path: Assets/OR_Room/OR_Room/Lightmap-0_comp_dir.exr
  artifactKey: Guid(f612acc5d5bb10d4595535157feb53b2) Importer(815301076,1909f56bfc062723c751e8b465ee728b)
Start importing Assets/OR_Room/OR_Room/Lightmap-0_comp_dir.exr using Guid(f612acc5d5bb10d4595535157feb53b2) Importer(815301076,1909f56bfc062723c751e8b465ee728b)  -> (artifact id: '12307c905c6ecfe11d4e0fb01ef5bcaf') in 0.020493 seconds 
  Import took 0.023713 seconds .

========================================================================
Received Import Request.
  Time since last request: 0.000439 seconds.
  path: Assets/OR_Room/OR_Room/Lightmap-0_comp_dir.exr
  artifactKey: Guid(f612acc5d5bb10d4595535157feb53b2) Importer(815301076,1909f56bfc062723c751e8b465ee728b)
Start importing Assets/OR_Room/OR_Room/Lightmap-0_comp_dir.exr using Guid(f612acc5d5bb10d4595535157feb53b2) Importer(815301076,1909f56bfc062723c751e8b465ee728b)  -> (artifact id: '12307c905c6ecfe11d4e0fb01ef5bcaf') in 0.011158 seconds 
  Import took 0.015863 seconds .

========================================================================
Received Import Request.
  Time since last request: 6.603843 seconds.
  path: Assets/OR_Room/OR_Room/Materials
  artifactKey: Guid(efcb6a211fe369b4997367260f770bc2) Importer(815301076,1909f56bfc062723c751e8b465ee728b)
Start importing Assets/OR_Room/OR_Room/Materials using Guid(efcb6a211fe369b4997367260f770bc2) Importer(815301076,1909f56bfc062723c751e8b465ee728b)  -> (artifact id: '89af1d9fdd40ac595f9ff30b3dba7089') in 0.002310 seconds 
  Import took 0.005700 seconds .

========================================================================
Received Import Request.
  Time since last request: 0.146583 seconds.
  path: Assets/OR_Room/OR_Room/Materials/Lightmap-1_comp_dir.mat
  artifactKey: Guid(a87902a3b046ac04fb5230c78929325b) Importer(815301076,1909f56bfc062723c751e8b465ee728b)
Start importing Assets/OR_Room/OR_Room/Materials/Lightmap-1_comp_dir.mat using Guid(a87902a3b046ac04fb5230c78929325b) Importer(815301076,1909f56bfc062723c751e8b465ee728b)  -> (artifact id: 'a09330f06d151222bb9bf6dfa1b96d21') in 0.016815 seconds 
  Import took 0.020632 seconds .

========================================================================
Received Import Request.
  Time since last request: 0.000269 seconds.
  path: Assets/OR_Room/OR_Room/Materials/Lightmap-1_comp_light.mat
  artifactKey: Guid(ec156683f04033842b089147274c29f7) Importer(815301076,1909f56bfc062723c751e8b465ee728b)
Start importing Assets/OR_Room/OR_Room/Materials/Lightmap-1_comp_light.mat using Guid(ec156683f04033842b089147274c29f7) Importer(815301076,1909f56bfc062723c751e8b465ee728b)  -> (artifact id: '28d679236601f8e39f12bc8b18aabef5') in 0.014120 seconds 
  Import took 0.017416 seconds .
=======
  path: Assets/Scripts/IGrippable.cs
  artifactKey: Guid(7289c99aee6249c4e9d1707e183c067a) Importer(815301076,1909f56bfc062723c751e8b465ee728b)
Start importing Assets/Scripts/IGrippable.cs using Guid(7289c99aee6249c4e9d1707e183c067a) Importer(815301076,1909f56bfc062723c751e8b465ee728b)  -> (artifact id: 'e1539e8ab4d7ed0e6d8fdb7949c8d453') in 0.046949 seconds 
  Import took 0.052224 seconds .

========================================================================
Received Prepare
Registering precompiled user dll's ...
Registered in 0.030071 seconds.
Begin MonoManager ReloadAssembly
Native extension for WindowsStandalone target not found
Refreshing native plugins compatible for Editor in 0.87 ms, found 16 plugins.
Preloading 2 native plugins for Editor in 0.22 ms.
System.Reflection.TargetInvocationException: Exception has been thrown by the target of an invocation. ---> System.NullReferenceException: Object reference not set to an instance of an object
  at Unity.XR.Oculus.OculusLoader.AssetPathToAbsolutePath (System.String assetPath) [0x00048] in C:\Users\csSam\Documents\GitHub\General-Anesthesia-Simulator\GeneralAnesthesiaSimulator\Library\PackageCache\com.unity.xr.oculus@1.10.0\Runtime\OculusLoader.cs:250 
  at Unity.XR.Oculus.OculusLoader.EditorLoadOVRPlugin () [0x0007b] in C:\Users\csSam\Documents\GitHub\General-Anesthesia-Simulator\GeneralAnesthesiaSimulator\Library\PackageCache\com.unity.xr.oculus@1.10.0\Runtime\OculusLoader.cs:235 
  at (wrapper managed-to-native) System.Reflection.MonoMethod.InternalInvoke(System.Reflection.MonoMethod,object,object[],System.Exception&)
  at System.Reflection.MonoMethod.Invoke (System.Object obj, System.Reflection.BindingFlags invokeAttr, System.Reflection.Binder binder, System.Object[] parameters, System.Globalization.CultureInfo culture) [0x00032] in <695d1cc93cca45069c528c15c9fdd749>:0 
   --- End of inner exception stack trace ---
  at System.Reflection.MonoMethod.Invoke (System.Object obj, System.Reflection.BindingFlags invokeAttr, System.Reflection.Binder binder, System.Object[] parameters, System.Globalization.CultureInfo culture) [0x00048] in <695d1cc93cca45069c528c15c9fdd749>:0 
  at System.Reflection.MethodBase.Invoke (System.Object obj, System.Object[] parameters) [0x00000] in <695d1cc93cca45069c528c15c9fdd749>:0 
  at UnityEditor.EditorAssemblies.ProcessInitializeOnLoadMethodAttributes () [0x00047] in <5ad584e208e14caaa9e6b2e6027e9204>:0 
UnityEngine.StackTraceUtility:ExtractStackTrace ()
UnityEngine.DebugLogHandler:LogFormat (UnityEngine.LogType,UnityEngine.Object,string,object[])
UnityEngine.Logger:Log (UnityEngine.LogType,object)
UnityEngine.Debug:LogError (object)
UnityEditor.EditorAssemblies:ProcessInitializeOnLoadMethodAttributes ()

Mono: successfully reloaded assembly
- Completed reload, in  1.630 seconds
Domain Reload Profiling:
	ReloadAssembly (1631ms)
		BeginReloadAssembly (179ms)
			ExecutionOrderSort (0ms)
			DisableScriptedObjects (7ms)
			BackupInstance (0ms)
			ReleaseScriptingObjects (0ms)
			CreateAndSetChildDomain (50ms)
		EndReloadAssembly (1356ms)
			LoadAssemblies (152ms)
			RebuildTransferFunctionScriptingTraits (0ms)
			SetupTypeCache (416ms)
			ReleaseScriptCaches (1ms)
			RebuildScriptCaches (56ms)
			SetupLoadedEditorAssemblies (549ms)
				LogAssemblyErrors (0ms)
				InitializePlatformSupportModulesInManaged (7ms)
				SetLoadedEditorAssemblies (1ms)
				RefreshPlugins (1ms)
				BeforeProcessingInitializeOnLoad (100ms)
				ProcessInitializeOnLoadAttributes (410ms)
				ProcessInitializeOnLoadMethodAttributes (19ms)
				AfterProcessingInitializeOnLoad (10ms)
				EditorAssembliesLoaded (0ms)
			ExecutionOrderSort2 (0ms)
			AwakeInstancesAfterBackupRestoration (10ms)
Platform modules already initialized, skipping
Refreshing native plugins compatible for Editor in 0.93 ms, found 16 plugins.
Preloading 2 native plugins for Editor in 0.18 ms.
Unloading 2202 Unused Serialized files (Serialized files now loaded: 0)
System memory in use before: 102.1 MB.
System memory in use after: 102.3 MB.

Unloading 31 unused Assets to reduce memory usage. Loaded Objects now: 2692.
Total: 3.984000 ms (FindLiveObjects: 0.177400 ms CreateObjectMapping: 0.078900 ms MarkObjects: 3.667900 ms  DeleteObjects: 0.058600 ms)

AssetImportParameters requested are different than current active one (requested -> active):
  custom:framework-win-MediaFoundation: 216162199b28c13a410421893ffa2e32 -> 
  custom:video-decoder-ogg-theora: a1e56fd34408186e4bbccfd4996cb3dc -> 
  custom:container-muxer-webm: aa71ff27fc2769a1b78a27578f13a17b -> 
  custom:container-demuxer-webm: 4f35f7cbe854078d1ac9338744f61a02 -> 
  custom:container-demuxer-ogg: 62fdf1f143b41e24485cea50d1cbac27 -> 
  custom:video-encoder-webm-vp8: eb34c28f22e8b96e1ab97ce403110664 -> 
  custom:video-codec-MediaFoundation-h265: 746d11721c4dcdbdad8f713fa42b33f4 -> 
  custom:video-decoder-webm-vp8: 9c59270c3fd7afecdb556c50c9e8de78 -> 
  custom:audio-decoder-ogg-vorbis: bf7c407c2cedff20999df2af8eb42d56 -> 
  custom:audio-encoder-webm-vorbis: bf7c407c2cedff20999df2af8eb42d56 -> 
========================================================================
Received Import Request.
  Time since last request: 2851.535537 seconds.
  path: Assets/Scripts/IGrippable.cs
  artifactKey: Guid(7289c99aee6249c4e9d1707e183c067a) Importer(815301076,1909f56bfc062723c751e8b465ee728b)
Start importing Assets/Scripts/IGrippable.cs using Guid(7289c99aee6249c4e9d1707e183c067a) Importer(815301076,1909f56bfc062723c751e8b465ee728b)  -> (artifact id: '4c97d74725c257379ddb9da7cfb787a3') in 0.011273 seconds 
  Import took 0.019610 seconds .

========================================================================
Received Import Request.
  Time since last request: 66.571643 seconds.
  path: Assets/Scripts/Grippable.cs
  artifactKey: Guid(d5db9132fdb60c542bca10cc8307a359) Importer(815301076,1909f56bfc062723c751e8b465ee728b)
Start importing Assets/Scripts/Grippable.cs using Guid(d5db9132fdb60c542bca10cc8307a359) Importer(815301076,1909f56bfc062723c751e8b465ee728b)  -> (artifact id: '1a726504353fe69c1e70066148f09f5a') in 0.005266 seconds 
  Import took 0.010815 seconds .

========================================================================
Received Import Request.
  Time since last request: 0.000515 seconds.
  path: Assets/Scripts/Grippable.cs
  artifactKey: Guid(d5db9132fdb60c542bca10cc8307a359) Importer(815301076,1909f56bfc062723c751e8b465ee728b)
Start importing Assets/Scripts/Grippable.cs using Guid(d5db9132fdb60c542bca10cc8307a359) Importer(815301076,1909f56bfc062723c751e8b465ee728b)  -> (artifact id: '1a726504353fe69c1e70066148f09f5a') in 0.005415 seconds 
  Import took 0.012107 seconds .

========================================================================
Received Import Request.
  Time since last request: 33.958569 seconds.
  path: Assets/Scripts/Grippable.cs
  artifactKey: Guid(d5db9132fdb60c542bca10cc8307a359) Importer(815301076,1909f56bfc062723c751e8b465ee728b)
Start importing Assets/Scripts/Grippable.cs using Guid(d5db9132fdb60c542bca10cc8307a359) Importer(815301076,1909f56bfc062723c751e8b465ee728b)  -> (artifact id: 'e045d725096dad9650f8541a70b56742') in 0.005424 seconds 
  Import took 0.011147 seconds .

========================================================================
Received Import Request.
  Time since last request: 10.763036 seconds.
  path: Assets/XR/Settings 1
  artifactKey: Guid(8a204758961e0d443a5c52607f1a3275) Importer(815301076,1909f56bfc062723c751e8b465ee728b)
Start importing Assets/XR/Settings 1 using Guid(8a204758961e0d443a5c52607f1a3275) Importer(815301076,1909f56bfc062723c751e8b465ee728b)  -> (artifact id: 'a99d592796f1df7abc7883d378d91163') in 0.005889 seconds 
  Import took 0.011023 seconds .

========================================================================
Received Import Request.
  Time since last request: 1.559624 seconds.
  path: Assets/XR/Settings
  artifactKey: Guid(0a2f1673816e83e4ba5cd43269657c3e) Importer(815301076,1909f56bfc062723c751e8b465ee728b)
Start importing Assets/XR/Settings using Guid(0a2f1673816e83e4ba5cd43269657c3e) Importer(815301076,1909f56bfc062723c751e8b465ee728b)  -> (artifact id: '9c91c1eacca5e7620f5e8682faed5a81') in 0.005755 seconds 
  Import took 0.010978 seconds .

========================================================================
Received Import Request.
  Time since last request: 115.944480 seconds.
  path: Assets/Samples/XR Interaction Toolkit/1.0.0-pre.5
  artifactKey: Guid(429c8a58928e09b43ac4643bb3e335c8) Importer(815301076,1909f56bfc062723c751e8b465ee728b)
Start importing Assets/Samples/XR Interaction Toolkit/1.0.0-pre.5 using Guid(429c8a58928e09b43ac4643bb3e335c8) Importer(815301076,1909f56bfc062723c751e8b465ee728b)  -> (artifact id: '70b87debffcd02fc5fafd7fdb7092f0f') in 0.005500 seconds 
  Import took 0.011404 seconds .

========================================================================
Received Import Request.
  Time since last request: 0.940014 seconds.
  path: Assets/Samples/XR Interaction Toolkit/1.0.0-pre.5/Default Input Actions
  artifactKey: Guid(5f4c7ee59203b0a49b0caf89e16b5ba9) Importer(815301076,1909f56bfc062723c751e8b465ee728b)
Start importing Assets/Samples/XR Interaction Toolkit/1.0.0-pre.5/Default Input Actions using Guid(5f4c7ee59203b0a49b0caf89e16b5ba9) Importer(815301076,1909f56bfc062723c751e8b465ee728b)  -> (artifact id: '44c71731c1d7c96e54cff304c56a3426') in 0.006749 seconds 
  Import took 0.011699 seconds .

========================================================================
Received Import Request.
  Time since last request: 86.218862 seconds.
  path: Assets/Scripts/LeftHandController.cs
  artifactKey: Guid(43696ae67019e7e438ead829f22e3720) Importer(815301076,1909f56bfc062723c751e8b465ee728b)
Start importing Assets/Scripts/LeftHandController.cs using Guid(43696ae67019e7e438ead829f22e3720) Importer(815301076,1909f56bfc062723c751e8b465ee728b)  -> (artifact id: '4af55f381e8ca6706b51ae86a7ec422c') in 0.004772 seconds 
  Import took 0.009894 seconds .

========================================================================
Received Prepare
Registering precompiled user dll's ...
Registered in 0.026307 seconds.
Begin MonoManager ReloadAssembly
Native extension for WindowsStandalone target not found
Refreshing native plugins compatible for Editor in 0.83 ms, found 16 plugins.
Preloading 2 native plugins for Editor in 0.18 ms.
System.Reflection.TargetInvocationException: Exception has been thrown by the target of an invocation. ---> System.NullReferenceException: Object reference not set to an instance of an object
  at Unity.XR.Oculus.OculusLoader.AssetPathToAbsolutePath (System.String assetPath) [0x00048] in C:\Users\csSam\Documents\GitHub\General-Anesthesia-Simulator\GeneralAnesthesiaSimulator\Library\PackageCache\com.unity.xr.oculus@1.10.0\Runtime\OculusLoader.cs:250 
  at Unity.XR.Oculus.OculusLoader.EditorLoadOVRPlugin () [0x0007b] in C:\Users\csSam\Documents\GitHub\General-Anesthesia-Simulator\GeneralAnesthesiaSimulator\Library\PackageCache\com.unity.xr.oculus@1.10.0\Runtime\OculusLoader.cs:235 
  at (wrapper managed-to-native) System.Reflection.MonoMethod.InternalInvoke(System.Reflection.MonoMethod,object,object[],System.Exception&)
  at System.Reflection.MonoMethod.Invoke (System.Object obj, System.Reflection.BindingFlags invokeAttr, System.Reflection.Binder binder, System.Object[] parameters, System.Globalization.CultureInfo culture) [0x00032] in <695d1cc93cca45069c528c15c9fdd749>:0 
   --- End of inner exception stack trace ---
  at System.Reflection.MonoMethod.Invoke (System.Object obj, System.Reflection.BindingFlags invokeAttr, System.Reflection.Binder binder, System.Object[] parameters, System.Globalization.CultureInfo culture) [0x00048] in <695d1cc93cca45069c528c15c9fdd749>:0 
  at System.Reflection.MethodBase.Invoke (System.Object obj, System.Object[] parameters) [0x00000] in <695d1cc93cca45069c528c15c9fdd749>:0 
  at UnityEditor.EditorAssemblies.ProcessInitializeOnLoadMethodAttributes () [0x00047] in <5ad584e208e14caaa9e6b2e6027e9204>:0 
UnityEngine.StackTraceUtility:ExtractStackTrace ()
UnityEngine.DebugLogHandler:LogFormat (UnityEngine.LogType,UnityEngine.Object,string,object[])
UnityEngine.Logger:Log (UnityEngine.LogType,object)
UnityEngine.Debug:LogError (object)
UnityEditor.EditorAssemblies:ProcessInitializeOnLoadMethodAttributes ()

Mono: successfully reloaded assembly
- Completed reload, in  1.264 seconds
Domain Reload Profiling:
	ReloadAssembly (1265ms)
		BeginReloadAssembly (152ms)
			ExecutionOrderSort (0ms)
			DisableScriptedObjects (6ms)
			BackupInstance (0ms)
			ReleaseScriptingObjects (0ms)
			CreateAndSetChildDomain (46ms)
		EndReloadAssembly (1027ms)
			LoadAssemblies (120ms)
			RebuildTransferFunctionScriptingTraits (0ms)
			SetupTypeCache (307ms)
			ReleaseScriptCaches (1ms)
			RebuildScriptCaches (43ms)
			SetupLoadedEditorAssemblies (434ms)
				LogAssemblyErrors (0ms)
				InitializePlatformSupportModulesInManaged (4ms)
				SetLoadedEditorAssemblies (0ms)
				RefreshPlugins (1ms)
				BeforeProcessingInitializeOnLoad (77ms)
				ProcessInitializeOnLoadAttributes (325ms)
				ProcessInitializeOnLoadMethodAttributes (16ms)
				AfterProcessingInitializeOnLoad (10ms)
				EditorAssembliesLoaded (0ms)
			ExecutionOrderSort2 (0ms)
			AwakeInstancesAfterBackupRestoration (8ms)
Platform modules already initialized, skipping
Refreshing native plugins compatible for Editor in 0.87 ms, found 16 plugins.
Preloading 2 native plugins for Editor in 0.16 ms.
Unloading 2205 Unused Serialized files (Serialized files now loaded: 0)
System memory in use before: 102.4 MB.
System memory in use after: 102.6 MB.

Unloading 32 unused Assets to reduce memory usage. Loaded Objects now: 2698.
Total: 3.630200 ms (FindLiveObjects: 0.206700 ms CreateObjectMapping: 0.066900 ms MarkObjects: 3.279800 ms  DeleteObjects: 0.076000 ms)

AssetImportParameters requested are different than current active one (requested -> active):
  custom:framework-win-MediaFoundation: 216162199b28c13a410421893ffa2e32 -> 
  custom:video-decoder-ogg-theora: a1e56fd34408186e4bbccfd4996cb3dc -> 
  custom:container-muxer-webm: aa71ff27fc2769a1b78a27578f13a17b -> 
  custom:container-demuxer-webm: 4f35f7cbe854078d1ac9338744f61a02 -> 
  custom:container-demuxer-ogg: 62fdf1f143b41e24485cea50d1cbac27 -> 
  custom:video-encoder-webm-vp8: eb34c28f22e8b96e1ab97ce403110664 -> 
  custom:video-codec-MediaFoundation-h265: 746d11721c4dcdbdad8f713fa42b33f4 -> 
  custom:video-decoder-webm-vp8: 9c59270c3fd7afecdb556c50c9e8de78 -> 
  custom:audio-decoder-ogg-vorbis: bf7c407c2cedff20999df2af8eb42d56 -> 
  custom:audio-encoder-webm-vorbis: bf7c407c2cedff20999df2af8eb42d56 -> 
========================================================================
Received Import Request.
  Time since last request: 1477.914729 seconds.
  path: Assets/Scripts/RightHandController.cs
  artifactKey: Guid(1b7c07fb370368841a0578c43a701fd5) Importer(815301076,1909f56bfc062723c751e8b465ee728b)
Start importing Assets/Scripts/RightHandController.cs using Guid(1b7c07fb370368841a0578c43a701fd5) Importer(815301076,1909f56bfc062723c751e8b465ee728b)  -> (artifact id: '827c924ad8e01f83a167169a45c7a988') in 0.007907 seconds 
  Import took 0.011992 seconds .

========================================================================
Received Import Request.
  Time since last request: 0.001422 seconds.
  path: Assets/Scripts/RightHandController.cs
  artifactKey: Guid(1b7c07fb370368841a0578c43a701fd5) Importer(815301076,1909f56bfc062723c751e8b465ee728b)
Start importing Assets/Scripts/RightHandController.cs using Guid(1b7c07fb370368841a0578c43a701fd5) Importer(815301076,1909f56bfc062723c751e8b465ee728b)  -> (artifact id: '827c924ad8e01f83a167169a45c7a988') in 0.002598 seconds 
  Import took 0.006450 seconds .

========================================================================
Received Import Request.
  Time since last request: 1505.031008 seconds.
  path: Assets/Scripts/RightHandController.cs
  artifactKey: Guid(1b7c07fb370368841a0578c43a701fd5) Importer(815301076,1909f56bfc062723c751e8b465ee728b)
Start importing Assets/Scripts/RightHandController.cs using Guid(1b7c07fb370368841a0578c43a701fd5) Importer(815301076,1909f56bfc062723c751e8b465ee728b)  -> (artifact id: '585de568ed7db378ca97e1a0c8a96d05') in 0.002956 seconds 
  Import took 0.007160 seconds .

========================================================================
Received Import Request.
  Time since last request: 0.002109 seconds.
  path: Assets/Scripts/RightHandController.cs
  artifactKey: Guid(1b7c07fb370368841a0578c43a701fd5) Importer(815301076,1909f56bfc062723c751e8b465ee728b)
Start importing Assets/Scripts/RightHandController.cs using Guid(1b7c07fb370368841a0578c43a701fd5) Importer(815301076,1909f56bfc062723c751e8b465ee728b)  -> (artifact id: '585de568ed7db378ca97e1a0c8a96d05') in 0.002230 seconds 
  Import took 0.005826 seconds .

========================================================================
Received Import Request.
  Time since last request: 38.321277 seconds.
  path: Assets/Scripts/RightHandController.cs
  artifactKey: Guid(1b7c07fb370368841a0578c43a701fd5) Importer(815301076,1909f56bfc062723c751e8b465ee728b)
Start importing Assets/Scripts/RightHandController.cs using Guid(1b7c07fb370368841a0578c43a701fd5) Importer(815301076,1909f56bfc062723c751e8b465ee728b)  -> (artifact id: 'f37f3218391352707773ec731747fb42') in 0.002137 seconds 
  Import took 0.005381 seconds .

========================================================================
Received Import Request.
  Time since last request: 41.410865 seconds.
  path: Assets/Scripts/RightHandController.cs
  artifactKey: Guid(1b7c07fb370368841a0578c43a701fd5) Importer(815301076,1909f56bfc062723c751e8b465ee728b)
Start importing Assets/Scripts/RightHandController.cs using Guid(1b7c07fb370368841a0578c43a701fd5) Importer(815301076,1909f56bfc062723c751e8b465ee728b)  -> (artifact id: '3257016ce4468cca4ae2287455e78c11') in 0.002770 seconds 
  Import took 0.006088 seconds .

========================================================================
Received Prepare
Registering precompiled user dll's ...
Registered in 0.012895 seconds.
Begin MonoManager ReloadAssembly
Native extension for WindowsStandalone target not found
Refreshing native plugins compatible for Editor in 0.75 ms, found 16 plugins.
Preloading 2 native plugins for Editor in 0.16 ms.
System.Reflection.TargetInvocationException: Exception has been thrown by the target of an invocation. ---> System.NullReferenceException: Object reference not set to an instance of an object
  at Unity.XR.Oculus.OculusLoader.AssetPathToAbsolutePath (System.String assetPath) [0x00048] in C:\Users\csSam\Documents\GitHub\General-Anesthesia-Simulator\GeneralAnesthesiaSimulator\Library\PackageCache\com.unity.xr.oculus@1.10.0\Runtime\OculusLoader.cs:250 
  at Unity.XR.Oculus.OculusLoader.EditorLoadOVRPlugin () [0x0007b] in C:\Users\csSam\Documents\GitHub\General-Anesthesia-Simulator\GeneralAnesthesiaSimulator\Library\PackageCache\com.unity.xr.oculus@1.10.0\Runtime\OculusLoader.cs:235 
  at (wrapper managed-to-native) System.Reflection.MonoMethod.InternalInvoke(System.Reflection.MonoMethod,object,object[],System.Exception&)
  at System.Reflection.MonoMethod.Invoke (System.Object obj, System.Reflection.BindingFlags invokeAttr, System.Reflection.Binder binder, System.Object[] parameters, System.Globalization.CultureInfo culture) [0x00032] in <695d1cc93cca45069c528c15c9fdd749>:0 
   --- End of inner exception stack trace ---
  at System.Reflection.MonoMethod.Invoke (System.Object obj, System.Reflection.BindingFlags invokeAttr, System.Reflection.Binder binder, System.Object[] parameters, System.Globalization.CultureInfo culture) [0x00048] in <695d1cc93cca45069c528c15c9fdd749>:0 
  at System.Reflection.MethodBase.Invoke (System.Object obj, System.Object[] parameters) [0x00000] in <695d1cc93cca45069c528c15c9fdd749>:0 
  at UnityEditor.EditorAssemblies.ProcessInitializeOnLoadMethodAttributes () [0x00047] in <5ad584e208e14caaa9e6b2e6027e9204>:0 
UnityEngine.StackTraceUtility:ExtractStackTrace ()
UnityEngine.DebugLogHandler:LogFormat (UnityEngine.LogType,UnityEngine.Object,string,object[])
UnityEngine.Logger:Log (UnityEngine.LogType,object)
UnityEngine.Debug:LogError (object)
UnityEditor.EditorAssemblies:ProcessInitializeOnLoadMethodAttributes ()

Mono: successfully reloaded assembly
- Completed reload, in  1.033 seconds
Domain Reload Profiling:
	ReloadAssembly (1034ms)
		BeginReloadAssembly (109ms)
			ExecutionOrderSort (0ms)
			DisableScriptedObjects (4ms)
			BackupInstance (0ms)
			ReleaseScriptingObjects (0ms)
			CreateAndSetChildDomain (34ms)
		EndReloadAssembly (863ms)
			LoadAssemblies (93ms)
			RebuildTransferFunctionScriptingTraits (0ms)
			SetupTypeCache (265ms)
			ReleaseScriptCaches (1ms)
			RebuildScriptCaches (38ms)
			SetupLoadedEditorAssemblies (353ms)
				LogAssemblyErrors (0ms)
				InitializePlatformSupportModulesInManaged (4ms)
				SetLoadedEditorAssemblies (0ms)
				RefreshPlugins (1ms)
				BeforeProcessingInitializeOnLoad (63ms)
				ProcessInitializeOnLoadAttributes (264ms)
				ProcessInitializeOnLoadMethodAttributes (13ms)
				AfterProcessingInitializeOnLoad (7ms)
				EditorAssembliesLoaded (0ms)
			ExecutionOrderSort2 (0ms)
			AwakeInstancesAfterBackupRestoration (7ms)
Platform modules already initialized, skipping
Refreshing native plugins compatible for Editor in 0.78 ms, found 16 plugins.
Preloading 2 native plugins for Editor in 0.16 ms.
Unloading 2205 Unused Serialized files (Serialized files now loaded: 0)
System memory in use before: 102.5 MB.
System memory in use after: 102.6 MB.

Unloading 31 unused Assets to reduce memory usage. Loaded Objects now: 2701.
Total: 3.137800 ms (FindLiveObjects: 0.210000 ms CreateObjectMapping: 0.079900 ms MarkObjects: 2.824400 ms  DeleteObjects: 0.022600 ms)

AssetImportParameters requested are different than current active one (requested -> active):
  custom:framework-win-MediaFoundation: 216162199b28c13a410421893ffa2e32 -> 
  custom:video-decoder-ogg-theora: a1e56fd34408186e4bbccfd4996cb3dc -> 
  custom:container-muxer-webm: aa71ff27fc2769a1b78a27578f13a17b -> 
  custom:container-demuxer-webm: 4f35f7cbe854078d1ac9338744f61a02 -> 
  custom:container-demuxer-ogg: 62fdf1f143b41e24485cea50d1cbac27 -> 
  custom:video-encoder-webm-vp8: eb34c28f22e8b96e1ab97ce403110664 -> 
  custom:video-codec-MediaFoundation-h265: 746d11721c4dcdbdad8f713fa42b33f4 -> 
  custom:video-decoder-webm-vp8: 9c59270c3fd7afecdb556c50c9e8de78 -> 
  custom:audio-decoder-ogg-vorbis: bf7c407c2cedff20999df2af8eb42d56 -> 
  custom:audio-encoder-webm-vorbis: bf7c407c2cedff20999df2af8eb42d56 -> 
========================================================================
Received Prepare
Registering precompiled user dll's ...
Registered in 0.017794 seconds.
Begin MonoManager ReloadAssembly
Native extension for WindowsStandalone target not found
Refreshing native plugins compatible for Editor in 1.22 ms, found 16 plugins.
Preloading 2 native plugins for Editor in 0.24 ms.
System.Reflection.TargetInvocationException: Exception has been thrown by the target of an invocation. ---> System.NullReferenceException: Object reference not set to an instance of an object
  at Unity.XR.Oculus.OculusLoader.AssetPathToAbsolutePath (System.String assetPath) [0x00048] in C:\Users\csSam\Documents\GitHub\General-Anesthesia-Simulator\GeneralAnesthesiaSimulator\Library\PackageCache\com.unity.xr.oculus@1.10.0\Runtime\OculusLoader.cs:250 
  at Unity.XR.Oculus.OculusLoader.EditorLoadOVRPlugin () [0x0007b] in C:\Users\csSam\Documents\GitHub\General-Anesthesia-Simulator\GeneralAnesthesiaSimulator\Library\PackageCache\com.unity.xr.oculus@1.10.0\Runtime\OculusLoader.cs:235 
  at (wrapper managed-to-native) System.Reflection.MonoMethod.InternalInvoke(System.Reflection.MonoMethod,object,object[],System.Exception&)
  at System.Reflection.MonoMethod.Invoke (System.Object obj, System.Reflection.BindingFlags invokeAttr, System.Reflection.Binder binder, System.Object[] parameters, System.Globalization.CultureInfo culture) [0x00032] in <695d1cc93cca45069c528c15c9fdd749>:0 
   --- End of inner exception stack trace ---
  at System.Reflection.MonoMethod.Invoke (System.Object obj, System.Reflection.BindingFlags invokeAttr, System.Reflection.Binder binder, System.Object[] parameters, System.Globalization.CultureInfo culture) [0x00048] in <695d1cc93cca45069c528c15c9fdd749>:0 
  at System.Reflection.MethodBase.Invoke (System.Object obj, System.Object[] parameters) [0x00000] in <695d1cc93cca45069c528c15c9fdd749>:0 
  at UnityEditor.EditorAssemblies.ProcessInitializeOnLoadMethodAttributes () [0x00047] in <5ad584e208e14caaa9e6b2e6027e9204>:0 
UnityEngine.StackTraceUtility:ExtractStackTrace ()
UnityEngine.DebugLogHandler:LogFormat (UnityEngine.LogType,UnityEngine.Object,string,object[])
UnityEngine.Logger:Log (UnityEngine.LogType,object)
UnityEngine.Debug:LogError (object)
UnityEditor.EditorAssemblies:ProcessInitializeOnLoadMethodAttributes ()

Mono: successfully reloaded assembly
- Completed reload, in  1.243 seconds
Domain Reload Profiling:
	ReloadAssembly (1244ms)
		BeginReloadAssembly (127ms)
			ExecutionOrderSort (0ms)
			DisableScriptedObjects (4ms)
			BackupInstance (0ms)
			ReleaseScriptingObjects (0ms)
			CreateAndSetChildDomain (38ms)
		EndReloadAssembly (1043ms)
			LoadAssemblies (112ms)
			RebuildTransferFunctionScriptingTraits (0ms)
			SetupTypeCache (325ms)
			ReleaseScriptCaches (1ms)
			RebuildScriptCaches (43ms)
			SetupLoadedEditorAssemblies (430ms)
				LogAssemblyErrors (0ms)
				InitializePlatformSupportModulesInManaged (4ms)
				SetLoadedEditorAssemblies (1ms)
				RefreshPlugins (2ms)
				BeforeProcessingInitializeOnLoad (72ms)
				ProcessInitializeOnLoadAttributes (326ms)
				ProcessInitializeOnLoadMethodAttributes (16ms)
				AfterProcessingInitializeOnLoad (8ms)
				EditorAssembliesLoaded (0ms)
			ExecutionOrderSort2 (0ms)
			AwakeInstancesAfterBackupRestoration (10ms)
Platform modules already initialized, skipping
Refreshing native plugins compatible for Editor in 0.85 ms, found 16 plugins.
Preloading 2 native plugins for Editor in 0.16 ms.
Unloading 2205 Unused Serialized files (Serialized files now loaded: 0)
System memory in use before: 102.5 MB.
System memory in use after: 102.7 MB.

Unloading 31 unused Assets to reduce memory usage. Loaded Objects now: 2704.
Total: 3.752500 ms (FindLiveObjects: 0.231500 ms CreateObjectMapping: 0.121100 ms MarkObjects: 3.362500 ms  DeleteObjects: 0.035400 ms)

AssetImportParameters requested are different than current active one (requested -> active):
  custom:framework-win-MediaFoundation: 216162199b28c13a410421893ffa2e32 -> 
  custom:video-decoder-ogg-theora: a1e56fd34408186e4bbccfd4996cb3dc -> 
  custom:container-muxer-webm: aa71ff27fc2769a1b78a27578f13a17b -> 
  custom:container-demuxer-webm: 4f35f7cbe854078d1ac9338744f61a02 -> 
  custom:container-demuxer-ogg: 62fdf1f143b41e24485cea50d1cbac27 -> 
  custom:video-encoder-webm-vp8: eb34c28f22e8b96e1ab97ce403110664 -> 
  custom:video-codec-MediaFoundation-h265: 746d11721c4dcdbdad8f713fa42b33f4 -> 
  custom:video-decoder-webm-vp8: 9c59270c3fd7afecdb556c50c9e8de78 -> 
  custom:audio-decoder-ogg-vorbis: bf7c407c2cedff20999df2af8eb42d56 -> 
  custom:audio-encoder-webm-vorbis: bf7c407c2cedff20999df2af8eb42d56 -> 
========================================================================
Received Prepare
Registering precompiled user dll's ...
Registered in 0.013580 seconds.
Begin MonoManager ReloadAssembly
Native extension for WindowsStandalone target not found
Refreshing native plugins compatible for Editor in 0.76 ms, found 16 plugins.
Preloading 2 native plugins for Editor in 0.17 ms.
System.Reflection.TargetInvocationException: Exception has been thrown by the target of an invocation. ---> System.NullReferenceException: Object reference not set to an instance of an object
  at Unity.XR.Oculus.OculusLoader.AssetPathToAbsolutePath (System.String assetPath) [0x00048] in C:\Users\csSam\Documents\GitHub\General-Anesthesia-Simulator\GeneralAnesthesiaSimulator\Library\PackageCache\com.unity.xr.oculus@1.10.0\Runtime\OculusLoader.cs:250 
  at Unity.XR.Oculus.OculusLoader.EditorLoadOVRPlugin () [0x0007b] in C:\Users\csSam\Documents\GitHub\General-Anesthesia-Simulator\GeneralAnesthesiaSimulator\Library\PackageCache\com.unity.xr.oculus@1.10.0\Runtime\OculusLoader.cs:235 
  at (wrapper managed-to-native) System.Reflection.MonoMethod.InternalInvoke(System.Reflection.MonoMethod,object,object[],System.Exception&)
  at System.Reflection.MonoMethod.Invoke (System.Object obj, System.Reflection.BindingFlags invokeAttr, System.Reflection.Binder binder, System.Object[] parameters, System.Globalization.CultureInfo culture) [0x00032] in <695d1cc93cca45069c528c15c9fdd749>:0 
   --- End of inner exception stack trace ---
  at System.Reflection.MonoMethod.Invoke (System.Object obj, System.Reflection.BindingFlags invokeAttr, System.Reflection.Binder binder, System.Object[] parameters, System.Globalization.CultureInfo culture) [0x00048] in <695d1cc93cca45069c528c15c9fdd749>:0 
  at System.Reflection.MethodBase.Invoke (System.Object obj, System.Object[] parameters) [0x00000] in <695d1cc93cca45069c528c15c9fdd749>:0 
  at UnityEditor.EditorAssemblies.ProcessInitializeOnLoadMethodAttributes () [0x00047] in <5ad584e208e14caaa9e6b2e6027e9204>:0 
UnityEngine.StackTraceUtility:ExtractStackTrace ()
UnityEngine.DebugLogHandler:LogFormat (UnityEngine.LogType,UnityEngine.Object,string,object[])
UnityEngine.Logger:Log (UnityEngine.LogType,object)
UnityEngine.Debug:LogError (object)
UnityEditor.EditorAssemblies:ProcessInitializeOnLoadMethodAttributes ()

Mono: successfully reloaded assembly
- Completed reload, in  1.034 seconds
Domain Reload Profiling:
	ReloadAssembly (1035ms)
		BeginReloadAssembly (106ms)
			ExecutionOrderSort (0ms)
			DisableScriptedObjects (4ms)
			BackupInstance (0ms)
			ReleaseScriptingObjects (0ms)
			CreateAndSetChildDomain (32ms)
		EndReloadAssembly (866ms)
			LoadAssemblies (93ms)
			RebuildTransferFunctionScriptingTraits (0ms)
			SetupTypeCache (258ms)
			ReleaseScriptCaches (1ms)
			RebuildScriptCaches (38ms)
			SetupLoadedEditorAssemblies (362ms)
				LogAssemblyErrors (0ms)
				InitializePlatformSupportModulesInManaged (4ms)
				SetLoadedEditorAssemblies (0ms)
				RefreshPlugins (1ms)
				BeforeProcessingInitializeOnLoad (65ms)
				ProcessInitializeOnLoadAttributes (268ms)
				ProcessInitializeOnLoadMethodAttributes (15ms)
				AfterProcessingInitializeOnLoad (8ms)
				EditorAssembliesLoaded (0ms)
			ExecutionOrderSort2 (0ms)
			AwakeInstancesAfterBackupRestoration (7ms)
Platform modules already initialized, skipping
Refreshing native plugins compatible for Editor in 0.78 ms, found 16 plugins.
Preloading 2 native plugins for Editor in 0.21 ms.
Unloading 2205 Unused Serialized files (Serialized files now loaded: 0)
System memory in use before: 102.4 MB.
System memory in use after: 102.6 MB.

Unloading 31 unused Assets to reduce memory usage. Loaded Objects now: 2707.
Total: 4.099500 ms (FindLiveObjects: 0.224400 ms CreateObjectMapping: 0.404000 ms MarkObjects: 3.445000 ms  DeleteObjects: 0.024800 ms)

AssetImportParameters requested are different than current active one (requested -> active):
  custom:framework-win-MediaFoundation: 216162199b28c13a410421893ffa2e32 -> 
  custom:video-decoder-ogg-theora: a1e56fd34408186e4bbccfd4996cb3dc -> 
  custom:container-muxer-webm: aa71ff27fc2769a1b78a27578f13a17b -> 
  custom:container-demuxer-webm: 4f35f7cbe854078d1ac9338744f61a02 -> 
  custom:container-demuxer-ogg: 62fdf1f143b41e24485cea50d1cbac27 -> 
  custom:video-encoder-webm-vp8: eb34c28f22e8b96e1ab97ce403110664 -> 
  custom:video-codec-MediaFoundation-h265: 746d11721c4dcdbdad8f713fa42b33f4 -> 
  custom:video-decoder-webm-vp8: 9c59270c3fd7afecdb556c50c9e8de78 -> 
  custom:audio-decoder-ogg-vorbis: bf7c407c2cedff20999df2af8eb42d56 -> 
  custom:audio-encoder-webm-vorbis: bf7c407c2cedff20999df2af8eb42d56 -> 
========================================================================
Received Prepare
Registering precompiled user dll's ...
Registered in 0.012978 seconds.
Begin MonoManager ReloadAssembly
Native extension for WindowsStandalone target not found
Refreshing native plugins compatible for Editor in 0.78 ms, found 16 plugins.
Preloading 2 native plugins for Editor in 0.16 ms.
System.Reflection.TargetInvocationException: Exception has been thrown by the target of an invocation. ---> System.NullReferenceException: Object reference not set to an instance of an object
  at Unity.XR.Oculus.OculusLoader.AssetPathToAbsolutePath (System.String assetPath) [0x00048] in C:\Users\csSam\Documents\GitHub\General-Anesthesia-Simulator\GeneralAnesthesiaSimulator\Library\PackageCache\com.unity.xr.oculus@1.10.0\Runtime\OculusLoader.cs:250 
  at Unity.XR.Oculus.OculusLoader.EditorLoadOVRPlugin () [0x0007b] in C:\Users\csSam\Documents\GitHub\General-Anesthesia-Simulator\GeneralAnesthesiaSimulator\Library\PackageCache\com.unity.xr.oculus@1.10.0\Runtime\OculusLoader.cs:235 
  at (wrapper managed-to-native) System.Reflection.MonoMethod.InternalInvoke(System.Reflection.MonoMethod,object,object[],System.Exception&)
  at System.Reflection.MonoMethod.Invoke (System.Object obj, System.Reflection.BindingFlags invokeAttr, System.Reflection.Binder binder, System.Object[] parameters, System.Globalization.CultureInfo culture) [0x00032] in <695d1cc93cca45069c528c15c9fdd749>:0 
   --- End of inner exception stack trace ---
  at System.Reflection.MonoMethod.Invoke (System.Object obj, System.Reflection.BindingFlags invokeAttr, System.Reflection.Binder binder, System.Object[] parameters, System.Globalization.CultureInfo culture) [0x00048] in <695d1cc93cca45069c528c15c9fdd749>:0 
  at System.Reflection.MethodBase.Invoke (System.Object obj, System.Object[] parameters) [0x00000] in <695d1cc93cca45069c528c15c9fdd749>:0 
  at UnityEditor.EditorAssemblies.ProcessInitializeOnLoadMethodAttributes () [0x00047] in <5ad584e208e14caaa9e6b2e6027e9204>:0 
UnityEngine.StackTraceUtility:ExtractStackTrace ()
UnityEngine.DebugLogHandler:LogFormat (UnityEngine.LogType,UnityEngine.Object,string,object[])
UnityEngine.Logger:Log (UnityEngine.LogType,object)
UnityEngine.Debug:LogError (object)
UnityEditor.EditorAssemblies:ProcessInitializeOnLoadMethodAttributes ()

Mono: successfully reloaded assembly
- Completed reload, in  1.020 seconds
Domain Reload Profiling:
	ReloadAssembly (1020ms)
		BeginReloadAssembly (103ms)
			ExecutionOrderSort (0ms)
			DisableScriptedObjects (4ms)
			BackupInstance (0ms)
			ReleaseScriptingObjects (0ms)
			CreateAndSetChildDomain (29ms)
		EndReloadAssembly (856ms)
			LoadAssemblies (91ms)
			RebuildTransferFunctionScriptingTraits (0ms)
			SetupTypeCache (254ms)
			ReleaseScriptCaches (1ms)
			RebuildScriptCaches (37ms)
			SetupLoadedEditorAssemblies (360ms)
				LogAssemblyErrors (0ms)
				InitializePlatformSupportModulesInManaged (4ms)
				SetLoadedEditorAssemblies (0ms)
				RefreshPlugins (1ms)
				BeforeProcessingInitializeOnLoad (64ms)
				ProcessInitializeOnLoadAttributes (268ms)
				ProcessInitializeOnLoadMethodAttributes (15ms)
				AfterProcessingInitializeOnLoad (8ms)
				EditorAssembliesLoaded (0ms)
			ExecutionOrderSort2 (0ms)
			AwakeInstancesAfterBackupRestoration (7ms)
Platform modules already initialized, skipping
Refreshing native plugins compatible for Editor in 0.76 ms, found 16 plugins.
Preloading 2 native plugins for Editor in 0.15 ms.
Unloading 2205 Unused Serialized files (Serialized files now loaded: 0)
System memory in use before: 102.5 MB.
System memory in use after: 102.8 MB.

Unloading 31 unused Assets to reduce memory usage. Loaded Objects now: 2710.
Total: 3.301100 ms (FindLiveObjects: 0.191200 ms CreateObjectMapping: 0.081200 ms MarkObjects: 3.008400 ms  DeleteObjects: 0.019300 ms)

AssetImportParameters requested are different than current active one (requested -> active):
  custom:framework-win-MediaFoundation: 216162199b28c13a410421893ffa2e32 -> 
  custom:video-decoder-ogg-theora: a1e56fd34408186e4bbccfd4996cb3dc -> 
  custom:container-muxer-webm: aa71ff27fc2769a1b78a27578f13a17b -> 
  custom:container-demuxer-webm: 4f35f7cbe854078d1ac9338744f61a02 -> 
  custom:container-demuxer-ogg: 62fdf1f143b41e24485cea50d1cbac27 -> 
  custom:video-encoder-webm-vp8: eb34c28f22e8b96e1ab97ce403110664 -> 
  custom:video-codec-MediaFoundation-h265: 746d11721c4dcdbdad8f713fa42b33f4 -> 
  custom:video-decoder-webm-vp8: 9c59270c3fd7afecdb556c50c9e8de78 -> 
  custom:audio-decoder-ogg-vorbis: bf7c407c2cedff20999df2af8eb42d56 -> 
  custom:audio-encoder-webm-vorbis: bf7c407c2cedff20999df2af8eb42d56 -> 
========================================================================
Received Prepare
Registering precompiled user dll's ...
Registered in 0.013132 seconds.
Begin MonoManager ReloadAssembly
Native extension for WindowsStandalone target not found
Refreshing native plugins compatible for Editor in 0.90 ms, found 16 plugins.
Preloading 2 native plugins for Editor in 0.22 ms.
System.Reflection.TargetInvocationException: Exception has been thrown by the target of an invocation. ---> System.NullReferenceException: Object reference not set to an instance of an object
  at Unity.XR.Oculus.OculusLoader.AssetPathToAbsolutePath (System.String assetPath) [0x00048] in C:\Users\csSam\Documents\GitHub\General-Anesthesia-Simulator\GeneralAnesthesiaSimulator\Library\PackageCache\com.unity.xr.oculus@1.10.0\Runtime\OculusLoader.cs:250 
  at Unity.XR.Oculus.OculusLoader.EditorLoadOVRPlugin () [0x0007b] in C:\Users\csSam\Documents\GitHub\General-Anesthesia-Simulator\GeneralAnesthesiaSimulator\Library\PackageCache\com.unity.xr.oculus@1.10.0\Runtime\OculusLoader.cs:235 
  at (wrapper managed-to-native) System.Reflection.MonoMethod.InternalInvoke(System.Reflection.MonoMethod,object,object[],System.Exception&)
  at System.Reflection.MonoMethod.Invoke (System.Object obj, System.Reflection.BindingFlags invokeAttr, System.Reflection.Binder binder, System.Object[] parameters, System.Globalization.CultureInfo culture) [0x00032] in <695d1cc93cca45069c528c15c9fdd749>:0 
   --- End of inner exception stack trace ---
  at System.Reflection.MonoMethod.Invoke (System.Object obj, System.Reflection.BindingFlags invokeAttr, System.Reflection.Binder binder, System.Object[] parameters, System.Globalization.CultureInfo culture) [0x00048] in <695d1cc93cca45069c528c15c9fdd749>:0 
  at System.Reflection.MethodBase.Invoke (System.Object obj, System.Object[] parameters) [0x00000] in <695d1cc93cca45069c528c15c9fdd749>:0 
  at UnityEditor.EditorAssemblies.ProcessInitializeOnLoadMethodAttributes () [0x00047] in <5ad584e208e14caaa9e6b2e6027e9204>:0 
UnityEngine.StackTraceUtility:ExtractStackTrace ()
UnityEngine.DebugLogHandler:LogFormat (UnityEngine.LogType,UnityEngine.Object,string,object[])
UnityEngine.Logger:Log (UnityEngine.LogType,object)
UnityEngine.Debug:LogError (object)
UnityEditor.EditorAssemblies:ProcessInitializeOnLoadMethodAttributes ()

Mono: successfully reloaded assembly
- Completed reload, in  1.193 seconds
Domain Reload Profiling:
	ReloadAssembly (1193ms)
		BeginReloadAssembly (116ms)
			ExecutionOrderSort (0ms)
			DisableScriptedObjects (4ms)
			BackupInstance (0ms)
			ReleaseScriptingObjects (0ms)
			CreateAndSetChildDomain (37ms)
		EndReloadAssembly (1012ms)
			LoadAssemblies (112ms)
			RebuildTransferFunctionScriptingTraits (0ms)
			SetupTypeCache (317ms)
			ReleaseScriptCaches (1ms)
			RebuildScriptCaches (43ms)
			SetupLoadedEditorAssemblies (390ms)
				LogAssemblyErrors (0ms)
				InitializePlatformSupportModulesInManaged (5ms)
				SetLoadedEditorAssemblies (0ms)
				RefreshPlugins (1ms)
				BeforeProcessingInitializeOnLoad (72ms)
				ProcessInitializeOnLoadAttributes (289ms)
				ProcessInitializeOnLoadMethodAttributes (14ms)
				AfterProcessingInitializeOnLoad (8ms)
				EditorAssembliesLoaded (0ms)
			ExecutionOrderSort2 (0ms)
			AwakeInstancesAfterBackupRestoration (9ms)
Platform modules already initialized, skipping
Refreshing native plugins compatible for Editor in 0.91 ms, found 16 plugins.
Preloading 2 native plugins for Editor in 0.16 ms.
Unloading 2205 Unused Serialized files (Serialized files now loaded: 0)
System memory in use before: 102.6 MB.
System memory in use after: 102.8 MB.

Unloading 31 unused Assets to reduce memory usage. Loaded Objects now: 2713.
Total: 3.372100 ms (FindLiveObjects: 0.201600 ms CreateObjectMapping: 0.083500 ms MarkObjects: 3.060900 ms  DeleteObjects: 0.024900 ms)

AssetImportParameters requested are different than current active one (requested -> active):
  custom:framework-win-MediaFoundation: 216162199b28c13a410421893ffa2e32 -> 
  custom:video-decoder-ogg-theora: a1e56fd34408186e4bbccfd4996cb3dc -> 
  custom:container-muxer-webm: aa71ff27fc2769a1b78a27578f13a17b -> 
  custom:container-demuxer-webm: 4f35f7cbe854078d1ac9338744f61a02 -> 
  custom:container-demuxer-ogg: 62fdf1f143b41e24485cea50d1cbac27 -> 
  custom:video-encoder-webm-vp8: eb34c28f22e8b96e1ab97ce403110664 -> 
  custom:video-codec-MediaFoundation-h265: 746d11721c4dcdbdad8f713fa42b33f4 -> 
  custom:video-decoder-webm-vp8: 9c59270c3fd7afecdb556c50c9e8de78 -> 
  custom:audio-decoder-ogg-vorbis: bf7c407c2cedff20999df2af8eb42d56 -> 
  custom:audio-encoder-webm-vorbis: bf7c407c2cedff20999df2af8eb42d56 -> 
========================================================================
Received Prepare
Registering precompiled user dll's ...
Registered in 0.013348 seconds.
Begin MonoManager ReloadAssembly
Native extension for WindowsStandalone target not found
Refreshing native plugins compatible for Editor in 1.03 ms, found 16 plugins.
Preloading 2 native plugins for Editor in 0.17 ms.
System.Reflection.TargetInvocationException: Exception has been thrown by the target of an invocation. ---> System.NullReferenceException: Object reference not set to an instance of an object
  at Unity.XR.Oculus.OculusLoader.AssetPathToAbsolutePath (System.String assetPath) [0x00048] in C:\Users\csSam\Documents\GitHub\General-Anesthesia-Simulator\GeneralAnesthesiaSimulator\Library\PackageCache\com.unity.xr.oculus@1.10.0\Runtime\OculusLoader.cs:250 
  at Unity.XR.Oculus.OculusLoader.EditorLoadOVRPlugin () [0x0007b] in C:\Users\csSam\Documents\GitHub\General-Anesthesia-Simulator\GeneralAnesthesiaSimulator\Library\PackageCache\com.unity.xr.oculus@1.10.0\Runtime\OculusLoader.cs:235 
  at (wrapper managed-to-native) System.Reflection.MonoMethod.InternalInvoke(System.Reflection.MonoMethod,object,object[],System.Exception&)
  at System.Reflection.MonoMethod.Invoke (System.Object obj, System.Reflection.BindingFlags invokeAttr, System.Reflection.Binder binder, System.Object[] parameters, System.Globalization.CultureInfo culture) [0x00032] in <695d1cc93cca45069c528c15c9fdd749>:0 
   --- End of inner exception stack trace ---
  at System.Reflection.MonoMethod.Invoke (System.Object obj, System.Reflection.BindingFlags invokeAttr, System.Reflection.Binder binder, System.Object[] parameters, System.Globalization.CultureInfo culture) [0x00048] in <695d1cc93cca45069c528c15c9fdd749>:0 
  at System.Reflection.MethodBase.Invoke (System.Object obj, System.Object[] parameters) [0x00000] in <695d1cc93cca45069c528c15c9fdd749>:0 
  at UnityEditor.EditorAssemblies.ProcessInitializeOnLoadMethodAttributes () [0x00047] in <5ad584e208e14caaa9e6b2e6027e9204>:0 
UnityEngine.StackTraceUtility:ExtractStackTrace ()
UnityEngine.DebugLogHandler:LogFormat (UnityEngine.LogType,UnityEngine.Object,string,object[])
UnityEngine.Logger:Log (UnityEngine.LogType,object)
UnityEngine.Debug:LogError (object)
UnityEditor.EditorAssemblies:ProcessInitializeOnLoadMethodAttributes ()

Mono: successfully reloaded assembly
- Completed reload, in  1.171 seconds
Domain Reload Profiling:
	ReloadAssembly (1172ms)
		BeginReloadAssembly (109ms)
			ExecutionOrderSort (0ms)
			DisableScriptedObjects (4ms)
			BackupInstance (0ms)
			ReleaseScriptingObjects (0ms)
			CreateAndSetChildDomain (31ms)
		EndReloadAssembly (998ms)
			LoadAssemblies (96ms)
			RebuildTransferFunctionScriptingTraits (0ms)
			SetupTypeCache (286ms)
			ReleaseScriptCaches (1ms)
			RebuildScriptCaches (41ms)
			SetupLoadedEditorAssemblies (426ms)
				LogAssemblyErrors (0ms)
				InitializePlatformSupportModulesInManaged (4ms)
				SetLoadedEditorAssemblies (1ms)
				RefreshPlugins (1ms)
				BeforeProcessingInitializeOnLoad (72ms)
				ProcessInitializeOnLoadAttributes (322ms)
				ProcessInitializeOnLoadMethodAttributes (17ms)
				AfterProcessingInitializeOnLoad (9ms)
				EditorAssembliesLoaded (0ms)
			ExecutionOrderSort2 (0ms)
			AwakeInstancesAfterBackupRestoration (8ms)
Platform modules already initialized, skipping
Refreshing native plugins compatible for Editor in 1.26 ms, found 16 plugins.
Preloading 2 native plugins for Editor in 0.24 ms.
Unloading 2207 Unused Serialized files (Serialized files now loaded: 0)
System memory in use before: 102.6 MB.
System memory in use after: 102.8 MB.

Unloading 31 unused Assets to reduce memory usage. Loaded Objects now: 2718.
Total: 4.737500 ms (FindLiveObjects: 0.277200 ms CreateObjectMapping: 0.130100 ms MarkObjects: 4.286600 ms  DeleteObjects: 0.041900 ms)

AssetImportParameters requested are different than current active one (requested -> active):
  custom:framework-win-MediaFoundation: 216162199b28c13a410421893ffa2e32 -> 
  custom:video-decoder-ogg-theora: a1e56fd34408186e4bbccfd4996cb3dc -> 
  custom:container-muxer-webm: aa71ff27fc2769a1b78a27578f13a17b -> 
  custom:container-demuxer-webm: 4f35f7cbe854078d1ac9338744f61a02 -> 
  custom:container-demuxer-ogg: 62fdf1f143b41e24485cea50d1cbac27 -> 
  custom:video-encoder-webm-vp8: eb34c28f22e8b96e1ab97ce403110664 -> 
  custom:video-codec-MediaFoundation-h265: 746d11721c4dcdbdad8f713fa42b33f4 -> 
  custom:video-decoder-webm-vp8: 9c59270c3fd7afecdb556c50c9e8de78 -> 
  custom:audio-decoder-ogg-vorbis: bf7c407c2cedff20999df2af8eb42d56 -> 
  custom:audio-encoder-webm-vorbis: bf7c407c2cedff20999df2af8eb42d56 -> 
========================================================================
Received Prepare
Registering precompiled user dll's ...
Registered in 0.013678 seconds.
Begin MonoManager ReloadAssembly
Native extension for WindowsStandalone target not found
Refreshing native plugins compatible for Editor in 0.76 ms, found 16 plugins.
Preloading 2 native plugins for Editor in 0.16 ms.
System.Reflection.TargetInvocationException: Exception has been thrown by the target of an invocation. ---> System.NullReferenceException: Object reference not set to an instance of an object
  at Unity.XR.Oculus.OculusLoader.AssetPathToAbsolutePath (System.String assetPath) [0x00048] in C:\Users\csSam\Documents\GitHub\General-Anesthesia-Simulator\GeneralAnesthesiaSimulator\Library\PackageCache\com.unity.xr.oculus@1.10.0\Runtime\OculusLoader.cs:250 
  at Unity.XR.Oculus.OculusLoader.EditorLoadOVRPlugin () [0x0007b] in C:\Users\csSam\Documents\GitHub\General-Anesthesia-Simulator\GeneralAnesthesiaSimulator\Library\PackageCache\com.unity.xr.oculus@1.10.0\Runtime\OculusLoader.cs:235 
  at (wrapper managed-to-native) System.Reflection.MonoMethod.InternalInvoke(System.Reflection.MonoMethod,object,object[],System.Exception&)
  at System.Reflection.MonoMethod.Invoke (System.Object obj, System.Reflection.BindingFlags invokeAttr, System.Reflection.Binder binder, System.Object[] parameters, System.Globalization.CultureInfo culture) [0x00032] in <695d1cc93cca45069c528c15c9fdd749>:0 
   --- End of inner exception stack trace ---
  at System.Reflection.MonoMethod.Invoke (System.Object obj, System.Reflection.BindingFlags invokeAttr, System.Reflection.Binder binder, System.Object[] parameters, System.Globalization.CultureInfo culture) [0x00048] in <695d1cc93cca45069c528c15c9fdd749>:0 
  at System.Reflection.MethodBase.Invoke (System.Object obj, System.Object[] parameters) [0x00000] in <695d1cc93cca45069c528c15c9fdd749>:0 
  at UnityEditor.EditorAssemblies.ProcessInitializeOnLoadMethodAttributes () [0x00047] in <5ad584e208e14caaa9e6b2e6027e9204>:0 
UnityEngine.StackTraceUtility:ExtractStackTrace ()
UnityEngine.DebugLogHandler:LogFormat (UnityEngine.LogType,UnityEngine.Object,string,object[])
UnityEngine.Logger:Log (UnityEngine.LogType,object)
UnityEngine.Debug:LogError (object)
UnityEditor.EditorAssemblies:ProcessInitializeOnLoadMethodAttributes ()

Mono: successfully reloaded assembly
- Completed reload, in  1.133 seconds
Domain Reload Profiling:
	ReloadAssembly (1134ms)
		BeginReloadAssembly (116ms)
			ExecutionOrderSort (0ms)
			DisableScriptedObjects (4ms)
			BackupInstance (0ms)
			ReleaseScriptingObjects (0ms)
			CreateAndSetChildDomain (39ms)
		EndReloadAssembly (942ms)
			LoadAssemblies (99ms)
			RebuildTransferFunctionScriptingTraits (0ms)
			SetupTypeCache (300ms)
			ReleaseScriptCaches (1ms)
			RebuildScriptCaches (40ms)
			SetupLoadedEditorAssemblies (374ms)
				LogAssemblyErrors (0ms)
				InitializePlatformSupportModulesInManaged (4ms)
				SetLoadedEditorAssemblies (0ms)
				RefreshPlugins (1ms)
				BeforeProcessingInitializeOnLoad (65ms)
				ProcessInitializeOnLoadAttributes (283ms)
				ProcessInitializeOnLoadMethodAttributes (13ms)
				AfterProcessingInitializeOnLoad (8ms)
				EditorAssembliesLoaded (0ms)
			ExecutionOrderSort2 (0ms)
			AwakeInstancesAfterBackupRestoration (10ms)
Platform modules already initialized, skipping
Refreshing native plugins compatible for Editor in 0.78 ms, found 16 plugins.
Preloading 2 native plugins for Editor in 0.16 ms.
Unloading 2207 Unused Serialized files (Serialized files now loaded: 0)
System memory in use before: 102.6 MB.
System memory in use after: 102.8 MB.

Unloading 31 unused Assets to reduce memory usage. Loaded Objects now: 2721.
Total: 3.733700 ms (FindLiveObjects: 0.227600 ms CreateObjectMapping: 0.083500 ms MarkObjects: 3.398900 ms  DeleteObjects: 0.022400 ms)

AssetImportParameters requested are different than current active one (requested -> active):
  custom:framework-win-MediaFoundation: 216162199b28c13a410421893ffa2e32 -> 
  custom:video-decoder-ogg-theora: a1e56fd34408186e4bbccfd4996cb3dc -> 
  custom:container-muxer-webm: aa71ff27fc2769a1b78a27578f13a17b -> 
  custom:container-demuxer-webm: 4f35f7cbe854078d1ac9338744f61a02 -> 
  custom:container-demuxer-ogg: 62fdf1f143b41e24485cea50d1cbac27 -> 
  custom:video-encoder-webm-vp8: eb34c28f22e8b96e1ab97ce403110664 -> 
  custom:video-codec-MediaFoundation-h265: 746d11721c4dcdbdad8f713fa42b33f4 -> 
  custom:video-decoder-webm-vp8: 9c59270c3fd7afecdb556c50c9e8de78 -> 
  custom:audio-decoder-ogg-vorbis: bf7c407c2cedff20999df2af8eb42d56 -> 
  custom:audio-encoder-webm-vorbis: bf7c407c2cedff20999df2af8eb42d56 -> 
========================================================================
Received Import Request.
  Time since last request: 3116.839592 seconds.
  path: Assets/Scripts/ToggleableLight.cs
  artifactKey: Guid(b8c124c9db436b643ad3d7ddd46444c6) Importer(815301076,1909f56bfc062723c751e8b465ee728b)
Start importing Assets/Scripts/ToggleableLight.cs using Guid(b8c124c9db436b643ad3d7ddd46444c6) Importer(815301076,1909f56bfc062723c751e8b465ee728b)  -> (artifact id: '2b1b2e7fd8a70eabf881d1b81b42ee6c') in 0.007720 seconds 
  Import took 0.012196 seconds .

========================================================================
Received Import Request.
  Time since last request: 0.009540 seconds.
  path: Assets/Scripts/ToggleableLight.cs
  artifactKey: Guid(b8c124c9db436b643ad3d7ddd46444c6) Importer(815301076,1909f56bfc062723c751e8b465ee728b)
Start importing Assets/Scripts/ToggleableLight.cs using Guid(b8c124c9db436b643ad3d7ddd46444c6) Importer(815301076,1909f56bfc062723c751e8b465ee728b)  -> (artifact id: '2b1b2e7fd8a70eabf881d1b81b42ee6c') in 0.002291 seconds 
  Import took 0.005690 seconds .

========================================================================
Received Import Request.
  Time since last request: 487.028212 seconds.
  path: Assets/Scripts/ValveDial.cs
  artifactKey: Guid(6695e6df18175e04b8019fe49105c87f) Importer(815301076,1909f56bfc062723c751e8b465ee728b)
Start importing Assets/Scripts/ValveDial.cs using Guid(6695e6df18175e04b8019fe49105c87f) Importer(815301076,1909f56bfc062723c751e8b465ee728b)  -> (artifact id: 'd8bde9f437296e668972fea228600f85') in 0.002606 seconds 
  Import took 0.006477 seconds .

========================================================================
Received Import Request.
  Time since last request: 0.000558 seconds.
  path: Assets/Scripts/ValveDial.cs
  artifactKey: Guid(6695e6df18175e04b8019fe49105c87f) Importer(815301076,1909f56bfc062723c751e8b465ee728b)
Start importing Assets/Scripts/ValveDial.cs using Guid(6695e6df18175e04b8019fe49105c87f) Importer(815301076,1909f56bfc062723c751e8b465ee728b)  -> (artifact id: 'd8bde9f437296e668972fea228600f85') in 0.002936 seconds 
  Import took 0.006204 seconds .

========================================================================
Received Prepare
Registering precompiled user dll's ...
Registered in 0.017313 seconds.
Begin MonoManager ReloadAssembly
Native extension for WindowsStandalone target not found
Refreshing native plugins compatible for Editor in 0.81 ms, found 16 plugins.
Preloading 2 native plugins for Editor in 0.19 ms.
System.Reflection.TargetInvocationException: Exception has been thrown by the target of an invocation. ---> System.NullReferenceException: Object reference not set to an instance of an object
  at Unity.XR.Oculus.OculusLoader.AssetPathToAbsolutePath (System.String assetPath) [0x00048] in C:\Users\csSam\Documents\GitHub\General-Anesthesia-Simulator\GeneralAnesthesiaSimulator\Library\PackageCache\com.unity.xr.oculus@1.10.0\Runtime\OculusLoader.cs:250 
  at Unity.XR.Oculus.OculusLoader.EditorLoadOVRPlugin () [0x0007b] in C:\Users\csSam\Documents\GitHub\General-Anesthesia-Simulator\GeneralAnesthesiaSimulator\Library\PackageCache\com.unity.xr.oculus@1.10.0\Runtime\OculusLoader.cs:235 
  at (wrapper managed-to-native) System.Reflection.MonoMethod.InternalInvoke(System.Reflection.MonoMethod,object,object[],System.Exception&)
  at System.Reflection.MonoMethod.Invoke (System.Object obj, System.Reflection.BindingFlags invokeAttr, System.Reflection.Binder binder, System.Object[] parameters, System.Globalization.CultureInfo culture) [0x00032] in <695d1cc93cca45069c528c15c9fdd749>:0 
   --- End of inner exception stack trace ---
  at System.Reflection.MonoMethod.Invoke (System.Object obj, System.Reflection.BindingFlags invokeAttr, System.Reflection.Binder binder, System.Object[] parameters, System.Globalization.CultureInfo culture) [0x00048] in <695d1cc93cca45069c528c15c9fdd749>:0 
  at System.Reflection.MethodBase.Invoke (System.Object obj, System.Object[] parameters) [0x00000] in <695d1cc93cca45069c528c15c9fdd749>:0 
  at UnityEditor.EditorAssemblies.ProcessInitializeOnLoadMethodAttributes () [0x00047] in <5ad584e208e14caaa9e6b2e6027e9204>:0 
UnityEngine.StackTraceUtility:ExtractStackTrace ()
UnityEngine.DebugLogHandler:LogFormat (UnityEngine.LogType,UnityEngine.Object,string,object[])
UnityEngine.Logger:Log (UnityEngine.LogType,object)
UnityEngine.Debug:LogError (object)
UnityEditor.EditorAssemblies:ProcessInitializeOnLoadMethodAttributes ()

Mono: successfully reloaded assembly
- Completed reload, in  1.219 seconds
Domain Reload Profiling:
	ReloadAssembly (1220ms)
		BeginReloadAssembly (130ms)
			ExecutionOrderSort (0ms)
			DisableScriptedObjects (5ms)
			BackupInstance (0ms)
			ReleaseScriptingObjects (0ms)
			CreateAndSetChildDomain (40ms)
		EndReloadAssembly (1009ms)
			LoadAssemblies (114ms)
			RebuildTransferFunctionScriptingTraits (0ms)
			SetupTypeCache (308ms)
			ReleaseScriptCaches (1ms)
			RebuildScriptCaches (42ms)
			SetupLoadedEditorAssemblies (409ms)
				LogAssemblyErrors (0ms)
				InitializePlatformSupportModulesInManaged (4ms)
				SetLoadedEditorAssemblies (0ms)
				RefreshPlugins (1ms)
				BeforeProcessingInitializeOnLoad (72ms)
				ProcessInitializeOnLoadAttributes (307ms)
				ProcessInitializeOnLoadMethodAttributes (15ms)
				AfterProcessingInitializeOnLoad (9ms)
				EditorAssembliesLoaded (0ms)
			ExecutionOrderSort2 (0ms)
			AwakeInstancesAfterBackupRestoration (11ms)
Platform modules already initialized, skipping
Refreshing native plugins compatible for Editor in 0.78 ms, found 16 plugins.
Preloading 2 native plugins for Editor in 0.16 ms.
Unloading 2207 Unused Serialized files (Serialized files now loaded: 0)
System memory in use before: 102.5 MB.
System memory in use after: 102.8 MB.

Unloading 31 unused Assets to reduce memory usage. Loaded Objects now: 2724.
Total: 3.691600 ms (FindLiveObjects: 0.279000 ms CreateObjectMapping: 0.108700 ms MarkObjects: 3.261100 ms  DeleteObjects: 0.039800 ms)

AssetImportParameters requested are different than current active one (requested -> active):
  custom:framework-win-MediaFoundation: 216162199b28c13a410421893ffa2e32 -> 
  custom:video-decoder-ogg-theora: a1e56fd34408186e4bbccfd4996cb3dc -> 
  custom:container-muxer-webm: aa71ff27fc2769a1b78a27578f13a17b -> 
  custom:container-demuxer-webm: 4f35f7cbe854078d1ac9338744f61a02 -> 
  custom:container-demuxer-ogg: 62fdf1f143b41e24485cea50d1cbac27 -> 
  custom:video-encoder-webm-vp8: eb34c28f22e8b96e1ab97ce403110664 -> 
  custom:video-codec-MediaFoundation-h265: 746d11721c4dcdbdad8f713fa42b33f4 -> 
  custom:video-decoder-webm-vp8: 9c59270c3fd7afecdb556c50c9e8de78 -> 
  custom:audio-decoder-ogg-vorbis: bf7c407c2cedff20999df2af8eb42d56 -> 
  custom:audio-encoder-webm-vorbis: bf7c407c2cedff20999df2af8eb42d56 -> 
========================================================================
Received Import Request.
  Time since last request: 150.010642 seconds.
  path: Assets/Scripts/ValveDial.cs
  artifactKey: Guid(6695e6df18175e04b8019fe49105c87f) Importer(815301076,1909f56bfc062723c751e8b465ee728b)
Start importing Assets/Scripts/ValveDial.cs using Guid(6695e6df18175e04b8019fe49105c87f) Importer(815301076,1909f56bfc062723c751e8b465ee728b)  -> (artifact id: '9220e39cf9113c5fd9184926355fc102') in 0.005381 seconds 
  Import took 0.009274 seconds .

========================================================================
Received Import Request.
  Time since last request: 30.437024 seconds.
  path: Assets/Scripts/RightHandController.cs
  artifactKey: Guid(1b7c07fb370368841a0578c43a701fd5) Importer(815301076,1909f56bfc062723c751e8b465ee728b)
Start importing Assets/Scripts/RightHandController.cs using Guid(1b7c07fb370368841a0578c43a701fd5) Importer(815301076,1909f56bfc062723c751e8b465ee728b)  -> (artifact id: '9894f4cd81e6b8e2885c16efb0cd0874') in 0.002089 seconds 
  Import took 0.005402 seconds .

========================================================================
Received Import Request.
  Time since last request: 0.029272 seconds.
  path: Assets/Scripts/RightHandController.cs
  artifactKey: Guid(1b7c07fb370368841a0578c43a701fd5) Importer(815301076,1909f56bfc062723c751e8b465ee728b)
Start importing Assets/Scripts/RightHandController.cs using Guid(1b7c07fb370368841a0578c43a701fd5) Importer(815301076,1909f56bfc062723c751e8b465ee728b)  -> (artifact id: '9894f4cd81e6b8e2885c16efb0cd0874') in 0.002138 seconds 
  Import took 0.005356 seconds .
>>>>>>> main

========================================================================
Received Prepare
Registering precompiled user dll's ...
<<<<<<< HEAD
Registered in 0.014878 seconds.
Begin MonoManager ReloadAssembly
Native extension for WindowsStandalone target not found
Refreshing native plugins compatible for Editor in 0.83 ms, found 16 plugins.
Preloading 2 native plugins for Editor in 0.17 ms.
=======
Registered in 0.013004 seconds.
Begin MonoManager ReloadAssembly
Native extension for WindowsStandalone target not found
Refreshing native plugins compatible for Editor in 0.77 ms, found 16 plugins.
Preloading 2 native plugins for Editor in 0.18 ms.
>>>>>>> main
System.Reflection.TargetInvocationException: Exception has been thrown by the target of an invocation. ---> System.NullReferenceException: Object reference not set to an instance of an object
  at Unity.XR.Oculus.OculusLoader.AssetPathToAbsolutePath (System.String assetPath) [0x00048] in C:\Users\csSam\Documents\GitHub\General-Anesthesia-Simulator\GeneralAnesthesiaSimulator\Library\PackageCache\com.unity.xr.oculus@1.10.0\Runtime\OculusLoader.cs:250 
  at Unity.XR.Oculus.OculusLoader.EditorLoadOVRPlugin () [0x0007b] in C:\Users\csSam\Documents\GitHub\General-Anesthesia-Simulator\GeneralAnesthesiaSimulator\Library\PackageCache\com.unity.xr.oculus@1.10.0\Runtime\OculusLoader.cs:235 
  at (wrapper managed-to-native) System.Reflection.MonoMethod.InternalInvoke(System.Reflection.MonoMethod,object,object[],System.Exception&)
  at System.Reflection.MonoMethod.Invoke (System.Object obj, System.Reflection.BindingFlags invokeAttr, System.Reflection.Binder binder, System.Object[] parameters, System.Globalization.CultureInfo culture) [0x00032] in <695d1cc93cca45069c528c15c9fdd749>:0 
   --- End of inner exception stack trace ---
  at System.Reflection.MonoMethod.Invoke (System.Object obj, System.Reflection.BindingFlags invokeAttr, System.Reflection.Binder binder, System.Object[] parameters, System.Globalization.CultureInfo culture) [0x00048] in <695d1cc93cca45069c528c15c9fdd749>:0 
  at System.Reflection.MethodBase.Invoke (System.Object obj, System.Object[] parameters) [0x00000] in <695d1cc93cca45069c528c15c9fdd749>:0 
  at UnityEditor.EditorAssemblies.ProcessInitializeOnLoadMethodAttributes () [0x00047] in <5ad584e208e14caaa9e6b2e6027e9204>:0 
UnityEngine.StackTraceUtility:ExtractStackTrace ()
UnityEngine.DebugLogHandler:LogFormat (UnityEngine.LogType,UnityEngine.Object,string,object[])
UnityEngine.Logger:Log (UnityEngine.LogType,object)
UnityEngine.Debug:LogError (object)
UnityEditor.EditorAssemblies:ProcessInitializeOnLoadMethodAttributes ()

Mono: successfully reloaded assembly
<<<<<<< HEAD
- Completed reload, in  1.064 seconds
Domain Reload Profiling:
	ReloadAssembly (1065ms)
		BeginReloadAssembly (115ms)
=======
- Completed reload, in  1.037 seconds
Domain Reload Profiling:
	ReloadAssembly (1038ms)
		BeginReloadAssembly (106ms)
>>>>>>> main
			ExecutionOrderSort (0ms)
			DisableScriptedObjects (4ms)
			BackupInstance (0ms)
			ReleaseScriptingObjects (0ms)
<<<<<<< HEAD
			CreateAndSetChildDomain (35ms)
		EndReloadAssembly (887ms)
			LoadAssemblies (98ms)
			RebuildTransferFunctionScriptingTraits (0ms)
			SetupTypeCache (262ms)
			ReleaseScriptCaches (1ms)
			RebuildScriptCaches (37ms)
			SetupLoadedEditorAssemblies (373ms)
=======
			CreateAndSetChildDomain (30ms)
		EndReloadAssembly (870ms)
			LoadAssemblies (93ms)
			RebuildTransferFunctionScriptingTraits (0ms)
			SetupTypeCache (254ms)
			ReleaseScriptCaches (1ms)
			RebuildScriptCaches (38ms)
			SetupLoadedEditorAssemblies (364ms)
>>>>>>> main
				LogAssemblyErrors (0ms)
				InitializePlatformSupportModulesInManaged (4ms)
				SetLoadedEditorAssemblies (0ms)
				RefreshPlugins (1ms)
<<<<<<< HEAD
				BeforeProcessingInitializeOnLoad (64ms)
				ProcessInitializeOnLoadAttributes (283ms)
=======
				BeforeProcessingInitializeOnLoad (66ms)
				ProcessInitializeOnLoadAttributes (272ms)
>>>>>>> main
				ProcessInitializeOnLoadMethodAttributes (12ms)
				AfterProcessingInitializeOnLoad (8ms)
				EditorAssembliesLoaded (0ms)
			ExecutionOrderSort2 (0ms)
<<<<<<< HEAD
			AwakeInstancesAfterBackupRestoration (7ms)
Platform modules already initialized, skipping
Refreshing native plugins compatible for Editor in 0.80 ms, found 16 plugins.
Preloading 2 native plugins for Editor in 0.15 ms.
Unloading 2253 Unused Serialized files (Serialized files now loaded: 0)
System memory in use before: 138.8 MB.
System memory in use after: 139.0 MB.

Unloading 31 unused Assets to reduce memory usage. Loaded Objects now: 2871.
Total: 3.101600 ms (FindLiveObjects: 0.215800 ms CreateObjectMapping: 0.095800 ms MarkObjects: 2.769500 ms  DeleteObjects: 0.019500 ms)
=======
			AwakeInstancesAfterBackupRestoration (9ms)
Platform modules already initialized, skipping
Refreshing native plugins compatible for Editor in 0.75 ms, found 16 plugins.
Preloading 2 native plugins for Editor in 0.15 ms.
Unloading 2207 Unused Serialized files (Serialized files now loaded: 0)
System memory in use before: 102.7 MB.
System memory in use after: 102.9 MB.

Unloading 31 unused Assets to reduce memory usage. Loaded Objects now: 2727.
Total: 3.304500 ms (FindLiveObjects: 0.199100 ms CreateObjectMapping: 0.086000 ms MarkObjects: 2.997500 ms  DeleteObjects: 0.021000 ms)
>>>>>>> main

AssetImportParameters requested are different than current active one (requested -> active):
  custom:framework-win-MediaFoundation: 216162199b28c13a410421893ffa2e32 -> 
  custom:video-decoder-ogg-theora: a1e56fd34408186e4bbccfd4996cb3dc -> 
  custom:container-muxer-webm: aa71ff27fc2769a1b78a27578f13a17b -> 
  custom:container-demuxer-webm: 4f35f7cbe854078d1ac9338744f61a02 -> 
  custom:container-demuxer-ogg: 62fdf1f143b41e24485cea50d1cbac27 -> 
  custom:video-encoder-webm-vp8: eb34c28f22e8b96e1ab97ce403110664 -> 
  custom:video-codec-MediaFoundation-h265: 746d11721c4dcdbdad8f713fa42b33f4 -> 
  custom:video-decoder-webm-vp8: 9c59270c3fd7afecdb556c50c9e8de78 -> 
  custom:audio-decoder-ogg-vorbis: bf7c407c2cedff20999df2af8eb42d56 -> 
  custom:audio-encoder-webm-vorbis: bf7c407c2cedff20999df2af8eb42d56 -> 
AssetImportWorkerClient::OnTransportError - code=2 error=End of file
